This file contains any messages produced by compilers while
running configure, to aid debugging if configure makes a mistake.

It was created by Communication Runtime for Extreme Scale (comex) configure 1.1, which was
generated by GNU Autoconf 2.69.  Invocation command line was

  $ ../../ga-5.8/comex/configure --disable-option-checking --prefix=/Users/song670/Codes/nwchem-FCI/src/tools/install SCOREP_WRAPPER=OFF --with-tcgmsg --with-mpi=-I/opt/homebrew/Cellar/open-mpi/4.1.4_2/include -I/opt/homebrew/Cellar/open-mpi/4.1.4_2/lib -L/opt/homebrew/Cellar/open-mpi/4.1.4_2/lib -L/opt/homebrew/opt/libevent/lib -lmpi_usempif08 -lmpi_usempi_ignore_tkr -lmpi_mpifh -lmpi --enable-peigs --enable-underscoring --disable-mpi-tests --without-scalapack --without-lapack --without-blas --with-mpi-ts CC=cc CXX=c++ F77=gfortran FFLAGS=-fno-aggressive-loop-optimizations -std=legacy CFLAGS=-fPIC -DMPICH_NO_ATTR_TYPE_TAGS ARMCI_DEFAULT_SHMMAX_UBOUND=131072 --cache-file=/dev/null --srcdir=../../ga-5.8/comex

## --------- ##
## Platform. ##
## --------- ##

hostname = WE46900
uname -m = arm64
uname -r = 21.6.0
uname -s = Darwin
uname -v = Darwin Kernel Version 21.6.0: Sun Nov  6 23:31:13 PST 2022; root:xnu-8020.240.14~1/RELEASE_ARM64_T6000

/usr/bin/uname -p = arm
/bin/uname -X     = unknown

/bin/arch              = unknown
/usr/bin/arch -k       = unknown
/usr/convex/getsysinfo = unknown
/usr/bin/hostinfo      = Mach kernel version:
	 Darwin Kernel Version 21.6.0: Sun Nov  6 23:31:13 PST 2022; root:xnu-8020.240.14~1/RELEASE_ARM64_T6000
Kernel configured for up to 10 processors.
10 processors are physically available.
10 processors are logically available.
Processor type: arm64e (ARM64E)
Processors active: 0 1 2 3 4 5 6 7 8 9
Primary memory available: 32.00 gigabytes
Default processor set: 742 tasks, 3265 threads, 10 processors
Load average: 6.05, Mach factor: 3.94
/bin/machine           = unknown
/usr/bin/oslevel       = unknown
/bin/universe          = unknown

PATH: /opt/homebrew/bin
PATH: /usr/local/bin
PATH: /usr/local/sbin
PATH: /usr/local/opt/python/libexec/bin
PATH: /Users/song670/Codes/nwchem/bin/MACX64
PATH: /Users/song670/Codes/METADISE/source
PATH: /opt/intel/oneapi/compiler/2022.2.1/mac/bin/intel64/
PATH: /Users/song670/Codes/md-histogram
PATH: /Users/song670/Codes/nwchem-Nov72020/bin/MACX64
PATH: /opt/homebrew/bin
PATH: /usr/local/bin
PATH: /usr/local/sbin
PATH: /usr/local/opt/python/libexec/bin
PATH: /Users/song670/Codes/nwchem/bin/MACX64
PATH: /Users/song670/Codes/METADISE/source
PATH: /opt/intel/oneapi/compiler/2022.2.1/mac/bin/intel64/
PATH: /Users/song670/Codes/md-histogram
PATH: /Users/song670/Codes/nwchem-Nov72020/bin/MACX64
PATH: /opt/homebrew/bin
PATH: /usr/local/bin
PATH: /usr/local/sbin
PATH: /usr/local/opt/python/libexec/bin
PATH: /Users/song670/Codes/nwchem/bin/MACX64
PATH: /Users/song670/Codes/METADISE/source
PATH: /opt/intel/oneapi/compiler/2022.2.1/mac/bin/intel64/
PATH: /Users/song670/Codes/md-histogram
PATH: /Users/song670/Codes/nwchem-Nov72020/bin/MACX64
PATH: /opt/homebrew/bin
PATH: /usr/local/bin
PATH: /usr/local/sbin
PATH: /usr/local/opt/python/libexec/bin
PATH: /Users/song670/Codes/nwchem/bin/MACX64
PATH: /Users/song670/Codes/METADISE/source
PATH: /opt/intel/oneapi/compiler/2022.2.1/mac/bin/intel64/
PATH: /Users/song670/Codes/md-histogram
PATH: /Users/song670/Codes/nwchem-Nov72020/bin/MACX64
PATH: /opt/homebrew/bin
PATH: /usr/local/bin
PATH: /usr/local/sbin
PATH: /usr/local/opt/python/libexec/bin
PATH: /Users/song670/Codes/nwchem/bin/MACX64
PATH: /Users/song670/Codes/METADISE/source
PATH: /opt/intel/oneapi/compiler/2022.2.1/mac/bin/intel64/
PATH: /Users/song670/Codes/md-histogram
PATH: /Users/song670/Codes/nwchem-Nov72020/bin/MACX64
PATH: /opt/homebrew/bin
PATH: /usr/local/bin
PATH: /usr/local/sbin
PATH: /usr/local/opt/python/libexec/bin
PATH: /Users/song670/Codes/nwchem/bin/MACX64
PATH: /Users/song670/Codes/METADISE/source
PATH: /opt/intel/oneapi/compiler/2022.2.1/mac/bin/intel64/
PATH: /Users/song670/Codes/md-histogram
PATH: /Users/song670/Codes/nwchem-Nov72020/bin/MACX64
PATH: /opt/homebrew/bin
PATH: /usr/local/bin
PATH: /usr/local/sbin
PATH: /usr/local/opt/python/libexec/bin
PATH: /Users/song670/Codes/nwchem/bin/MACX64
PATH: /Users/song670/Codes/METADISE/source
PATH: /opt/intel/oneapi/compiler/2022.2.1/mac/bin/intel64/
PATH: /Users/song670/Codes/md-histogram
PATH: /Users/song670/Codes/nwchem-Nov72020/bin/MACX64
PATH: /opt/homebrew/bin
PATH: /usr/local/bin
PATH: /usr/local/sbin
PATH: /usr/local/opt/python/libexec/bin
PATH: /Users/song670/Codes/nwchem/bin/MACX64
PATH: /Users/song670/Codes/METADISE/source
PATH: /opt/intel/oneapi/compiler/2022.2.1/mac/bin/intel64/
PATH: /Users/song670/Codes/md-histogram
PATH: /opt/homebrew/bin
PATH: /usr/local/bin
PATH: /usr/local/sbin
PATH: /usr/local/opt/python/libexec/bin
PATH: /Users/song670/Codes/nwchem/bin/MACX64
PATH: /Users/song670/Codes/METADISE/source
PATH: /opt/intel/oneapi/compiler/2022.2.1/mac/bin/intel64/
PATH: /Users/song670/Codes/md-histogram
PATH: /opt/homebrew/bin
PATH: /usr/local/bin
PATH: /usr/local/sbin
PATH: /usr/local/opt/python/libexec/bin
PATH: /Users/song670/Codes/nwchem/bin/MACX64
PATH: /Users/song670/Codes/METADISE/source
PATH: /opt/intel/oneapi/compiler/2022.2.1/mac/bin/intel64/
PATH: /Users/song670/Codes/md-histogram
PATH: /opt/homebrew/bin
PATH: /usr/local/bin
PATH: /usr/local/sbin
PATH: /usr/local/opt/python/libexec/bin
PATH: /Users/song670/Codes/nwchem/bin/MACX64
PATH: /Users/song670/Codes/METADISE/source
PATH: /opt/intel/oneapi/compiler/2022.2.1/mac/bin/intel64/
PATH: /Users/song670/Codes/md-histogram
PATH: /opt/homebrew/bin
PATH: /usr/local/bin
PATH: /usr/local/sbin
PATH: /usr/local/opt/python/libexec/bin
PATH: /Users/song670/Codes/nwchem/bin/MACX64
PATH: /Users/song670/Codes/METADISE/source
PATH: /opt/intel/oneapi/compiler/2022.2.1/mac/bin/intel64/
PATH: /Users/song670/Codes/md-histogram
PATH: /opt/homebrew/bin
PATH: /usr/local/bin
PATH: /usr/local/sbin
PATH: /usr/local/opt/python/libexec/bin
PATH: /Users/song670/Codes/nwchem/bin/MACX64
PATH: /Users/song670/Codes/METADISE/source
PATH: /opt/intel/oneapi/compiler/2022.2.1/mac/bin/intel64/
PATH: /Users/song670/Codes/md-histogram
PATH: /opt/homebrew/bin
PATH: /usr/local/bin
PATH: /usr/local/sbin
PATH: /usr/local/opt/python/libexec/bin
PATH: /Users/song670/Codes/nwchem/bin/MACX64
PATH: /Users/song670/Codes/METADISE/source
PATH: /opt/intel/oneapi/compiler/2022.2.1/mac/bin/intel64/
PATH: /Users/song670/Codes/md-histogram
PATH: /opt/homebrew/bin
PATH: /usr/local/bin
PATH: /usr/local/sbin
PATH: /usr/local/opt/python/libexec/bin
PATH: /Users/song670/Codes/nwchem/bin/MACX64
PATH: /Users/song670/Codes/METADISE/source
PATH: /opt/intel/oneapi/compiler/2022.2.1/mac/bin/intel64/
PATH: /usr/local/bin
PATH: /usr/bin
PATH: /bin
PATH: /usr/sbin
PATH: /sbin


## ----------- ##
## Core tests. ##
## ----------- ##

configure:2798: checking for a BSD-compatible install
configure:2866: result: /usr/bin/install -c
configure:2877: checking whether build environment is sane
configure:2927: result: yes
configure:3068: checking for a thread-safe mkdir -p
configure:3107: result: ../../ga-5.8/comex/build-aux/install-sh -c -d
configure:3120: checking for gawk
configure:3150: result: no
configure:3120: checking for mawk
configure:3150: result: no
configure:3120: checking for nawk
configure:3150: result: no
configure:3120: checking for awk
configure:3136: found /usr/bin/awk
configure:3147: result: awk
configure:3158: checking whether make sets $(MAKE)
configure:3180: result: yes
configure:3209: checking whether make supports nested variables
configure:3226: result: yes
configure:3302: checking whether to enable maintainer-specific portions of Makefiles
configure:3311: result: no
configure:3340: Detected VPATH build
configure:3406: 
configure:3408: C compiler
configure:3410: 
configure:3425: checking for style of include used by make
configure:3453: result: GNU
configure:3639: checking for C compiler version
configure:3648: cc --version >&5
Apple clang version 14.0.0 (clang-1400.0.29.202)
Target: arm64-apple-darwin21.6.0
Thread model: posix
InstalledDir: /Library/Developer/CommandLineTools/usr/bin
configure:3659: $? = 0
configure:3648: cc -v >&5
Apple clang version 14.0.0 (clang-1400.0.29.202)
Target: arm64-apple-darwin21.6.0
Thread model: posix
InstalledDir: /Library/Developer/CommandLineTools/usr/bin
configure:3659: $? = 0
configure:3648: cc -V >&5
clang: error: argument to '-V' is missing (expected 1 value)
clang: error: no input files
configure:3659: $? = 1
configure:3648: cc -qversion >&5
clang: error: unknown argument '-qversion'; did you mean '--version'?
clang: error: no input files
configure:3659: $? = 1
configure:3679: checking whether the C compiler works
configure:3701: cc -fPIC -DMPICH_NO_ATTR_TYPE_TAGS   conftest.c  >&5
configure:3705: $? = 0
configure:3753: result: yes
configure:3756: checking for C compiler default output file name
configure:3758: result: a.out
configure:3764: checking for suffix of executables
configure:3771: cc -o conftest -fPIC -DMPICH_NO_ATTR_TYPE_TAGS   conftest.c  >&5
configure:3775: $? = 0
configure:3797: result: 
configure:3819: checking whether we are cross compiling
configure:3827: cc -o conftest -fPIC -DMPICH_NO_ATTR_TYPE_TAGS   conftest.c  >&5
configure:3831: $? = 0
configure:3838: ./conftest
configure:3842: $? = 0
configure:3857: result: no
configure:3862: checking for suffix of object files
configure:3884: cc -c -fPIC -DMPICH_NO_ATTR_TYPE_TAGS  conftest.c >&5
configure:3888: $? = 0
configure:3909: result: o
configure:3913: checking whether we are using the GNU C compiler
configure:3932: cc -c -fPIC -DMPICH_NO_ATTR_TYPE_TAGS  conftest.c >&5
configure:3932: $? = 0
configure:3941: result: yes
configure:3950: checking whether cc accepts -g
configure:3970: cc -c -g  conftest.c >&5
configure:3970: $? = 0
configure:4011: result: yes
configure:4028: checking for cc option to accept ISO C89
configure:4091: cc  -c -fPIC -DMPICH_NO_ATTR_TYPE_TAGS  conftest.c >&5
configure:4091: $? = 0
configure:4104: result: none needed
configure:4126: checking dependency style of cc
configure:4237: result: gcc3
configure:4259: checking how to run the C preprocessor
configure:4290: cc -E  conftest.c
configure:4290: $? = 0
configure:4304: cc -E  conftest.c
conftest.c:11:10: fatal error: 'ac_nonexistent.h' file not found
#include <ac_nonexistent.h>
         ^~~~~~~~~~~~~~~~~~
1 error generated.
configure:4304: $? = 1
configure: failed program was:
| /* confdefs.h */
| #define PACKAGE_NAME "Communication Runtime for Extreme Scale (comex)"
| #define PACKAGE_TARNAME "comex"
| #define PACKAGE_VERSION "1.1"
| #define PACKAGE_STRING "Communication Runtime for Extreme Scale (comex) 1.1"
| #define PACKAGE_BUGREPORT "hpctools@pnl.gov"
| #define PACKAGE_URL "http://www.emsl.pnl.gov/docs/global/"
| #define PACKAGE "comex"
| #define VERSION "1.1"
| /* end confdefs.h.  */
| #include <ac_nonexistent.h>
configure:4329: result: cc -E
configure:4349: cc -E  conftest.c
configure:4349: $? = 0
configure:4363: cc -E  conftest.c
conftest.c:11:10: fatal error: 'ac_nonexistent.h' file not found
#include <ac_nonexistent.h>
         ^~~~~~~~~~~~~~~~~~
1 error generated.
configure:4363: $? = 1
configure: failed program was:
| /* confdefs.h */
| #define PACKAGE_NAME "Communication Runtime for Extreme Scale (comex)"
| #define PACKAGE_TARNAME "comex"
| #define PACKAGE_VERSION "1.1"
| #define PACKAGE_STRING "Communication Runtime for Extreme Scale (comex) 1.1"
| #define PACKAGE_BUGREPORT "hpctools@pnl.gov"
| #define PACKAGE_URL "http://www.emsl.pnl.gov/docs/global/"
| #define PACKAGE "comex"
| #define VERSION "1.1"
| /* end confdefs.h.  */
| #include <ac_nonexistent.h>
configure:4392: checking for grep that handles long lines and -e
configure:4450: result: /usr/bin/grep
configure:4455: checking for egrep
configure:4517: result: /usr/bin/grep -E
configure:4522: checking for ANSI C header files
configure:4542: cc -c -fPIC -DMPICH_NO_ATTR_TYPE_TAGS  conftest.c >&5
configure:4542: $? = 0
configure:4615: cc -o conftest -fPIC -DMPICH_NO_ATTR_TYPE_TAGS   conftest.c  >&5
configure:4615: $? = 0
configure:4615: ./conftest
configure:4615: $? = 0
configure:4626: result: yes
configure:4639: checking for sys/types.h
configure:4639: cc -c -fPIC -DMPICH_NO_ATTR_TYPE_TAGS  conftest.c >&5
configure:4639: $? = 0
configure:4639: result: yes
configure:4639: checking for sys/stat.h
configure:4639: cc -c -fPIC -DMPICH_NO_ATTR_TYPE_TAGS  conftest.c >&5
configure:4639: $? = 0
configure:4639: result: yes
configure:4639: checking for stdlib.h
configure:4639: cc -c -fPIC -DMPICH_NO_ATTR_TYPE_TAGS  conftest.c >&5
configure:4639: $? = 0
configure:4639: result: yes
configure:4639: checking for string.h
configure:4639: cc -c -fPIC -DMPICH_NO_ATTR_TYPE_TAGS  conftest.c >&5
configure:4639: $? = 0
configure:4639: result: yes
configure:4639: checking for memory.h
configure:4639: cc -c -fPIC -DMPICH_NO_ATTR_TYPE_TAGS  conftest.c >&5
configure:4639: $? = 0
configure:4639: result: yes
configure:4639: checking for strings.h
configure:4639: cc -c -fPIC -DMPICH_NO_ATTR_TYPE_TAGS  conftest.c >&5
configure:4639: $? = 0
configure:4639: result: yes
configure:4639: checking for inttypes.h
configure:4639: cc -c -fPIC -DMPICH_NO_ATTR_TYPE_TAGS  conftest.c >&5
configure:4639: $? = 0
configure:4639: result: yes
configure:4639: checking for stdint.h
configure:4639: cc -c -fPIC -DMPICH_NO_ATTR_TYPE_TAGS  conftest.c >&5
configure:4639: $? = 0
configure:4639: result: yes
configure:4639: checking for unistd.h
configure:4639: cc -c -fPIC -DMPICH_NO_ATTR_TYPE_TAGS  conftest.c >&5
configure:4639: $? = 0
configure:4639: result: yes
configure:4652: checking minix/config.h usability
configure:4652: cc -c -fPIC -DMPICH_NO_ATTR_TYPE_TAGS  conftest.c >&5
conftest.c:54:10: fatal error: 'minix/config.h' file not found
#include <minix/config.h>
         ^~~~~~~~~~~~~~~~
1 error generated.
configure:4652: $? = 1
configure: failed program was:
| /* confdefs.h */
| #define PACKAGE_NAME "Communication Runtime for Extreme Scale (comex)"
| #define PACKAGE_TARNAME "comex"
| #define PACKAGE_VERSION "1.1"
| #define PACKAGE_STRING "Communication Runtime for Extreme Scale (comex) 1.1"
| #define PACKAGE_BUGREPORT "hpctools@pnl.gov"
| #define PACKAGE_URL "http://www.emsl.pnl.gov/docs/global/"
| #define PACKAGE "comex"
| #define VERSION "1.1"
| #define STDC_HEADERS 1
| #define HAVE_SYS_TYPES_H 1
| #define HAVE_SYS_STAT_H 1
| #define HAVE_STDLIB_H 1
| #define HAVE_STRING_H 1
| #define HAVE_MEMORY_H 1
| #define HAVE_STRINGS_H 1
| #define HAVE_INTTYPES_H 1
| #define HAVE_STDINT_H 1
| #define HAVE_UNISTD_H 1
| /* end confdefs.h.  */
| #include <stdio.h>
| #ifdef HAVE_SYS_TYPES_H
| # include <sys/types.h>
| #endif
| #ifdef HAVE_SYS_STAT_H
| # include <sys/stat.h>
| #endif
| #ifdef STDC_HEADERS
| # include <stdlib.h>
| # include <stddef.h>
| #else
| # ifdef HAVE_STDLIB_H
| #  include <stdlib.h>
| # endif
| #endif
| #ifdef HAVE_STRING_H
| # if !defined STDC_HEADERS && defined HAVE_MEMORY_H
| #  include <memory.h>
| # endif
| # include <string.h>
| #endif
| #ifdef HAVE_STRINGS_H
| # include <strings.h>
| #endif
| #ifdef HAVE_INTTYPES_H
| # include <inttypes.h>
| #endif
| #ifdef HAVE_STDINT_H
| # include <stdint.h>
| #endif
| #ifdef HAVE_UNISTD_H
| # include <unistd.h>
| #endif
| #include <minix/config.h>
configure:4652: result: no
configure:4652: checking minix/config.h presence
configure:4652: cc -E  conftest.c
conftest.c:21:10: fatal error: 'minix/config.h' file not found
#include <minix/config.h>
         ^~~~~~~~~~~~~~~~
1 error generated.
configure:4652: $? = 1
configure: failed program was:
| /* confdefs.h */
| #define PACKAGE_NAME "Communication Runtime for Extreme Scale (comex)"
| #define PACKAGE_TARNAME "comex"
| #define PACKAGE_VERSION "1.1"
| #define PACKAGE_STRING "Communication Runtime for Extreme Scale (comex) 1.1"
| #define PACKAGE_BUGREPORT "hpctools@pnl.gov"
| #define PACKAGE_URL "http://www.emsl.pnl.gov/docs/global/"
| #define PACKAGE "comex"
| #define VERSION "1.1"
| #define STDC_HEADERS 1
| #define HAVE_SYS_TYPES_H 1
| #define HAVE_SYS_STAT_H 1
| #define HAVE_STDLIB_H 1
| #define HAVE_STRING_H 1
| #define HAVE_MEMORY_H 1
| #define HAVE_STRINGS_H 1
| #define HAVE_INTTYPES_H 1
| #define HAVE_STDINT_H 1
| #define HAVE_UNISTD_H 1
| /* end confdefs.h.  */
| #include <minix/config.h>
configure:4652: result: no
configure:4652: checking for minix/config.h
configure:4652: result: no
configure:4673: checking whether it is safe to define __EXTENSIONS__
configure:4691: cc -c -fPIC -DMPICH_NO_ATTR_TYPE_TAGS  conftest.c >&5
configure:4691: $? = 0
configure:4698: result: yes
configure:5009: cc -o conftest -fPIC -DMPICH_NO_ATTR_TYPE_TAGS   conftest.c  >&5
configure:5009: $? = 0
configure:5009: ./conftest
configure:5009: $? = 0
configure:5363: checking whether a simple C MPI program compiles
configure:5369: cc -c -fPIC -DMPICH_NO_ATTR_TYPE_TAGS   -I/opt/homebrew/Cellar/open-mpi/4.1.4_2/include -I/opt/homebrew/Cellar/open-mpi/4.1.4_2/lib conftest.c >&5
configure:5369: $? = 0
configure:5377: result: yes
configure:5430: cc -o conftest -fPIC -DMPICH_NO_ATTR_TYPE_TAGS   conftest.c  >&5
configure:5430: $? = 0
configure:5430: ./conftest
configure:5430: $? = 0
configure:7845: searching for MPI_TS...
configure:7852: checking mpi.h usability
configure:7852: cc -c -fPIC -DMPICH_NO_ATTR_TYPE_TAGS    -I/opt/homebrew/Cellar/open-mpi/4.1.4_2/include -I/opt/homebrew/Cellar/open-mpi/4.1.4_2/lib conftest.c >&5
configure:7852: $? = 0
configure:7852: result: yes
configure:7852: checking mpi.h presence
configure:7852: cc -E    -I/opt/homebrew/Cellar/open-mpi/4.1.4_2/include -I/opt/homebrew/Cellar/open-mpi/4.1.4_2/lib conftest.c
configure:7852: $? = 0
configure:7852: result: yes
configure:7852: checking for mpi.h
configure:7852: result: yes
configure:7862: checking for library containing MPI_Init
configure:7893: cc -o conftest -fPIC -DMPICH_NO_ATTR_TYPE_TAGS    -I/opt/homebrew/Cellar/open-mpi/4.1.4_2/include -I/opt/homebrew/Cellar/open-mpi/4.1.4_2/lib    -L/opt/homebrew/Cellar/open-mpi/4.1.4_2/lib -L/opt/homebrew/opt/libevent/lib conftest.c    -lmpi_usempif08 -lmpi_usempi_ignore_tkr -lmpi_mpifh -lmpi >&5
configure:7893: $? = 0
configure:7910: result: none required
configure:9704: checking whether to enable assertions
configure:9722: result: yes
configure:9728: checking for dirent.h that defines DIR
configure:9747: cc -c -fPIC -DMPICH_NO_ATTR_TYPE_TAGS  conftest.c >&5
configure:9747: $? = 0
configure:9755: result: yes
configure:9768: checking for library containing opendir
configure:9799: cc -o conftest -fPIC -DMPICH_NO_ATTR_TYPE_TAGS   conftest.c  >&5
configure:9799: $? = 0
configure:9816: result: none required
configure:9883: checking for stdbool.h that conforms to C99
configure:9950: cc -c -fPIC -DMPICH_NO_ATTR_TYPE_TAGS  conftest.c >&5
conftest.c:85:24: warning: address of 's' will always evaluate to 'true' [-Wpointer-bool-conversion]
             bool e = &s;
                  ~    ^
conftest.c:90:40: warning: address of array 'p' will always evaluate to 'true' [-Wpointer-bool-conversion]
                                      ~^
conftest.c:90:35: warning: address of array 'o' will always evaluate to 'true' [-Wpointer-bool-conversion]
                                 ~^
conftest.c:90:30: warning: address of array 'n' will always evaluate to 'true' [-Wpointer-bool-conversion]
                            ~^
conftest.c:89:63: warning: address of array 'i' will always evaluate to 'true' [-Wpointer-bool-conversion]
             return (!a + !b + !c + !d + !e + !f + !g + !h + !i + !!j + !k + !!l
                                                             ~^
conftest.c:89:58: warning: address of array 'h' will always evaluate to 'true' [-Wpointer-bool-conversion]
             return (!a + !b + !c + !d + !e + !f + !g + !h + !i + !!j + !k + !!l
                                                        ~^
conftest.c:89:53: warning: address of array 'g' will always evaluate to 'true' [-Wpointer-bool-conversion]
             return (!a + !b + !c + !d + !e + !f + !g + !h + !i + !!j + !k + !!l
                                                   ~^
conftest.c:89:48: warning: address of array 'f' will always evaluate to 'true' [-Wpointer-bool-conversion]
             return (!a + !b + !c + !d + !e + !f + !g + !h + !i + !!j + !k + !!l
                                              ~^
conftest.c:89:38: warning: address of array 'd' will always evaluate to 'true' [-Wpointer-bool-conversion]
             return (!a + !b + !c + !d + !e + !f + !g + !h + !i + !!j + !k + !!l
                                    ~^
conftest.c:89:33: warning: address of array 'c' will always evaluate to 'true' [-Wpointer-bool-conversion]
             return (!a + !b + !c + !d + !e + !f + !g + !h + !i + !!j + !k + !!l
                               ~^
conftest.c:89:28: warning: address of array 'b' will always evaluate to 'true' [-Wpointer-bool-conversion]
             return (!a + !b + !c + !d + !e + !f + !g + !h + !i + !!j + !k + !!l
                          ~^
conftest.c:89:23: warning: address of array 'a' will always evaluate to 'true' [-Wpointer-bool-conversion]
             return (!a + !b + !c + !d + !e + !f + !g + !h + !i + !!j + !k + !!l
                     ~^
12 warnings generated.
configure:9950: $? = 0
configure:9957: result: yes
configure:9959: checking for _Bool
configure:9959: cc -c -fPIC -DMPICH_NO_ATTR_TYPE_TAGS  conftest.c >&5
configure:9959: $? = 0
configure:9959: cc -c -fPIC -DMPICH_NO_ATTR_TYPE_TAGS  conftest.c >&5
conftest.c:72:20: error: expected expression
if (sizeof ((_Bool)))
                   ^
1 error generated.
configure:9959: $? = 1
configure: failed program was:
| /* confdefs.h */
| #define PACKAGE_NAME "Communication Runtime for Extreme Scale (comex)"
| #define PACKAGE_TARNAME "comex"
| #define PACKAGE_VERSION "1.1"
| #define PACKAGE_STRING "Communication Runtime for Extreme Scale (comex) 1.1"
| #define PACKAGE_BUGREPORT "hpctools@pnl.gov"
| #define PACKAGE_URL "http://www.emsl.pnl.gov/docs/global/"
| #define PACKAGE "comex"
| #define VERSION "1.1"
| #define STDC_HEADERS 1
| #define HAVE_SYS_TYPES_H 1
| #define HAVE_SYS_STAT_H 1
| #define HAVE_STDLIB_H 1
| #define HAVE_STRING_H 1
| #define HAVE_MEMORY_H 1
| #define HAVE_STRINGS_H 1
| #define HAVE_INTTYPES_H 1
| #define HAVE_STDINT_H 1
| #define HAVE_UNISTD_H 1
| #define __EXTENSIONS__ 1
| #define _ALL_SOURCE 1
| #define _GNU_SOURCE 1
| #define _POSIX_PTHREAD_SEMANTICS 1
| #define _TANDEM_SOURCE 1
| #define COMEX_NETWORK_MPI_TS 1
| #define COMEX_NETWORK_MPI_MT 0
| #define COMEX_NETWORK_MPI_PT 0
| #define COMEX_NETWORK_MPI_PR 0
| #define COMEX_NETWORK_MPI3 0
| #define COMEX_NETWORK_OFA 0
| #define COMEX_NETWORK_PORTALS4 0
| #define COMEX_NETWORK_DMAPP 0
| #define COMEX_NETWORK_OFI 0
| #define HAVE_DIRENT_H 1
| /* end confdefs.h.  */
| #include <stdio.h>
| #ifdef HAVE_SYS_TYPES_H
| # include <sys/types.h>
| #endif
| #ifdef HAVE_SYS_STAT_H
| # include <sys/stat.h>
| #endif
| #ifdef STDC_HEADERS
| # include <stdlib.h>
| # include <stddef.h>
| #else
| # ifdef HAVE_STDLIB_H
| #  include <stdlib.h>
| # endif
| #endif
| #ifdef HAVE_STRING_H
| # if !defined STDC_HEADERS && defined HAVE_MEMORY_H
| #  include <memory.h>
| # endif
| # include <string.h>
| #endif
| #ifdef HAVE_STRINGS_H
| # include <strings.h>
| #endif
| #ifdef HAVE_INTTYPES_H
| # include <inttypes.h>
| #endif
| #ifdef HAVE_STDINT_H
| # include <stdint.h>
| #endif
| #ifdef HAVE_UNISTD_H
| # include <unistd.h>
| #endif
| int
| main ()
| {
| if (sizeof ((_Bool)))
| 	    return 0;
|   ;
|   return 0;
| }
configure:9959: result: yes
configure:9976: checking for ANSI C header files
configure:10080: result: yes
configure:10088: checking for sys/wait.h that is POSIX.1 compatible
configure:10114: cc -c -fPIC -DMPICH_NO_ATTR_TYPE_TAGS  conftest.c >&5
configure:10114: $? = 0
configure:10121: result: yes
configure:10131: checking assert.h usability
configure:10131: cc -c -fPIC -DMPICH_NO_ATTR_TYPE_TAGS  conftest.c >&5
configure:10131: $? = 0
configure:10131: result: yes
configure:10131: checking assert.h presence
configure:10131: cc -E  conftest.c
configure:10131: $? = 0
configure:10131: result: yes
configure:10131: checking for assert.h
configure:10131: result: yes
configure:10150: checking errno.h usability
configure:10150: cc -c -fPIC -DMPICH_NO_ATTR_TYPE_TAGS  conftest.c >&5
configure:10150: $? = 0
configure:10150: result: yes
configure:10150: checking errno.h presence
configure:10150: cc -E  conftest.c
configure:10150: $? = 0
configure:10150: result: yes
configure:10150: checking for errno.h
configure:10150: result: yes
configure:10169: checking getopt.h usability
configure:10169: cc -c -fPIC -DMPICH_NO_ATTR_TYPE_TAGS  conftest.c >&5
configure:10169: $? = 0
configure:10169: result: yes
configure:10169: checking getopt.h presence
configure:10169: cc -E  conftest.c
configure:10169: $? = 0
configure:10169: result: yes
configure:10169: checking for getopt.h
configure:10169: result: yes
configure:10188: checking math.h usability
configure:10188: cc -c -fPIC -DMPICH_NO_ATTR_TYPE_TAGS  conftest.c >&5
configure:10188: $? = 0
configure:10188: result: yes
configure:10188: checking math.h presence
configure:10188: cc -E  conftest.c
configure:10188: $? = 0
configure:10188: result: yes
configure:10188: checking for math.h
configure:10188: result: yes
configure:10207: checking pthread.h usability
configure:10207: cc -c -fPIC -DMPICH_NO_ATTR_TYPE_TAGS  conftest.c >&5
configure:10207: $? = 0
configure:10207: result: yes
configure:10207: checking pthread.h presence
configure:10207: cc -E  conftest.c
configure:10207: $? = 0
configure:10207: result: yes
configure:10207: checking for pthread.h
configure:10207: result: yes
configure:10226: checking sched.h usability
configure:10226: cc -c -fPIC -DMPICH_NO_ATTR_TYPE_TAGS  conftest.c >&5
configure:10226: $? = 0
configure:10226: result: yes
configure:10226: checking sched.h presence
configure:10226: cc -E  conftest.c
configure:10226: $? = 0
configure:10226: result: yes
configure:10226: checking for sched.h
configure:10226: result: yes
configure:10245: checking semaphore.h usability
configure:10245: cc -c -fPIC -DMPICH_NO_ATTR_TYPE_TAGS  conftest.c >&5
configure:10245: $? = 0
configure:10245: result: yes
configure:10245: checking semaphore.h presence
configure:10245: cc -E  conftest.c
configure:10245: $? = 0
configure:10245: result: yes
configure:10245: checking for semaphore.h
configure:10245: result: yes
configure:10264: checking for stdint.h
configure:10264: result: yes
configure:10283: checking stdio.h usability
configure:10283: cc -c -fPIC -DMPICH_NO_ATTR_TYPE_TAGS  conftest.c >&5
configure:10283: $? = 0
configure:10283: result: yes
configure:10283: checking stdio.h presence
configure:10283: cc -E  conftest.c
configure:10283: $? = 0
configure:10283: result: yes
configure:10283: checking for stdio.h
configure:10283: result: yes
configure:10302: checking for stdlib.h
configure:10302: result: yes
configure:10321: checking for string.h
configure:10321: result: yes
configure:10340: checking for strings.h
configure:10340: result: yes
configure:10359: checking sys/time.h usability
configure:10359: cc -c -fPIC -DMPICH_NO_ATTR_TYPE_TAGS  conftest.c >&5
configure:10359: $? = 0
configure:10359: result: yes
configure:10359: checking sys/time.h presence
configure:10359: cc -E  conftest.c
configure:10359: $? = 0
configure:10359: result: yes
configure:10359: checking for sys/time.h
configure:10359: result: yes
configure:10378: checking for sys/types.h
configure:10378: result: yes
configure:10397: checking for unistd.h
configure:10397: result: yes
configure:10416: checking for an ANSI C-conforming const
configure:10482: cc -c -fPIC -DMPICH_NO_ATTR_TYPE_TAGS  conftest.c >&5
configure:10482: $? = 0
configure:10489: result: yes
configure:10497: checking for inline
configure:10513: cc -c -fPIC -DMPICH_NO_ATTR_TYPE_TAGS  conftest.c >&5
configure:10513: $? = 0
configure:10521: result: inline
configure:10539: checking for C/C++ restrict keyword
configure:10564: cc -c -fPIC -DMPICH_NO_ATTR_TYPE_TAGS  conftest.c >&5
configure:10564: $? = 0
configure:10572: result: __restrict
configure:10585: checking for working volatile
configure:10604: cc -c -fPIC -DMPICH_NO_ATTR_TYPE_TAGS  conftest.c >&5
configure:10604: $? = 0
configure:10611: result: yes
configure:10619: checking for int8_t
configure:10619: cc -c -fPIC -DMPICH_NO_ATTR_TYPE_TAGS  conftest.c >&5
configure:10619: $? = 0
configure:10619: cc -c -fPIC -DMPICH_NO_ATTR_TYPE_TAGS  conftest.c >&5
conftest.c:93:24: error: 'test_array' declared as an array with a negative size
static int test_array [1 - 2 * !((int8_t) (((((int8_t) 1 << N) << N) - 1) * 2 + 1)
                       ^~~~~~~~~~~~~~~~~~~~~~~~~~~~~~~~~~~~~~~~~~~~~~~~~~~~~~~~~~~
1 error generated.
configure:10619: $? = 1
configure: failed program was:
| /* confdefs.h */
| #define PACKAGE_NAME "Communication Runtime for Extreme Scale (comex)"
| #define PACKAGE_TARNAME "comex"
| #define PACKAGE_VERSION "1.1"
| #define PACKAGE_STRING "Communication Runtime for Extreme Scale (comex) 1.1"
| #define PACKAGE_BUGREPORT "hpctools@pnl.gov"
| #define PACKAGE_URL "http://www.emsl.pnl.gov/docs/global/"
| #define PACKAGE "comex"
| #define VERSION "1.1"
| #define STDC_HEADERS 1
| #define HAVE_SYS_TYPES_H 1
| #define HAVE_SYS_STAT_H 1
| #define HAVE_STDLIB_H 1
| #define HAVE_STRING_H 1
| #define HAVE_MEMORY_H 1
| #define HAVE_STRINGS_H 1
| #define HAVE_INTTYPES_H 1
| #define HAVE_STDINT_H 1
| #define HAVE_UNISTD_H 1
| #define __EXTENSIONS__ 1
| #define _ALL_SOURCE 1
| #define _GNU_SOURCE 1
| #define _POSIX_PTHREAD_SEMANTICS 1
| #define _TANDEM_SOURCE 1
| #define COMEX_NETWORK_MPI_TS 1
| #define COMEX_NETWORK_MPI_MT 0
| #define COMEX_NETWORK_MPI_PT 0
| #define COMEX_NETWORK_MPI_PR 0
| #define COMEX_NETWORK_MPI3 0
| #define COMEX_NETWORK_OFA 0
| #define COMEX_NETWORK_PORTALS4 0
| #define COMEX_NETWORK_DMAPP 0
| #define COMEX_NETWORK_OFI 0
| #define HAVE_DIRENT_H 1
| #define HAVE__BOOL 1
| #define HAVE_STDBOOL_H 1
| #define STDC_HEADERS 1
| #define HAVE_SYS_WAIT_H 1
| #define HAVE_ASSERT_H 1
| #define HAVE_ERRNO_H 1
| #define HAVE_GETOPT_H 1
| #define HAVE_MATH_H 1
| #define HAVE_PTHREAD_H 1
| #define HAVE_SCHED_H 1
| #define HAVE_SEMAPHORE_H 1
| #define HAVE_STDINT_H 1
| #define HAVE_STDIO_H 1
| #define HAVE_STDLIB_H 1
| #define HAVE_STRING_H 1
| #define HAVE_STRINGS_H 1
| #define HAVE_SYS_TIME_H 1
| #define HAVE_SYS_TYPES_H 1
| #define HAVE_UNISTD_H 1
| #define restrict __restrict
| /* end confdefs.h.  */
| #include <stdio.h>
| #ifdef HAVE_SYS_TYPES_H
| # include <sys/types.h>
| #endif
| #ifdef HAVE_SYS_STAT_H
| # include <sys/stat.h>
| #endif
| #ifdef STDC_HEADERS
| # include <stdlib.h>
| # include <stddef.h>
| #else
| # ifdef HAVE_STDLIB_H
| #  include <stdlib.h>
| # endif
| #endif
| #ifdef HAVE_STRING_H
| # if !defined STDC_HEADERS && defined HAVE_MEMORY_H
| #  include <memory.h>
| # endif
| # include <string.h>
| #endif
| #ifdef HAVE_STRINGS_H
| # include <strings.h>
| #endif
| #ifdef HAVE_INTTYPES_H
| # include <inttypes.h>
| #endif
| #ifdef HAVE_STDINT_H
| # include <stdint.h>
| #endif
| #ifdef HAVE_UNISTD_H
| # include <unistd.h>
| #endif
| 	        enum { N = 8 / 2 - 1 };
| int
| main ()
| {
| static int test_array [1 - 2 * !((int8_t) (((((int8_t) 1 << N) << N) - 1) * 2 + 1)
| 		 < (int8_t) (((((int8_t) 1 << N) << N) - 1) * 2 + 2))];
| test_array [0] = 0;
| return test_array [0];
| 
|   ;
|   return 0;
| }
configure:10619: result: yes
configure:10630: checking for int16_t
configure:10630: cc -c -fPIC -DMPICH_NO_ATTR_TYPE_TAGS  conftest.c >&5
configure:10630: $? = 0
configure:10630: cc -c -fPIC -DMPICH_NO_ATTR_TYPE_TAGS  conftest.c >&5
conftest.c:93:24: error: 'test_array' declared as an array with a negative size
static int test_array [1 - 2 * !((int16_t) (((((int16_t) 1 << N) << N) - 1) * 2 + 1)
                       ^~~~~~~~~~~~~~~~~~~~~~~~~~~~~~~~~~~~~~~~~~~~~~~~~~~~~~~~~~~~~
1 error generated.
configure:10630: $? = 1
configure: failed program was:
| /* confdefs.h */
| #define PACKAGE_NAME "Communication Runtime for Extreme Scale (comex)"
| #define PACKAGE_TARNAME "comex"
| #define PACKAGE_VERSION "1.1"
| #define PACKAGE_STRING "Communication Runtime for Extreme Scale (comex) 1.1"
| #define PACKAGE_BUGREPORT "hpctools@pnl.gov"
| #define PACKAGE_URL "http://www.emsl.pnl.gov/docs/global/"
| #define PACKAGE "comex"
| #define VERSION "1.1"
| #define STDC_HEADERS 1
| #define HAVE_SYS_TYPES_H 1
| #define HAVE_SYS_STAT_H 1
| #define HAVE_STDLIB_H 1
| #define HAVE_STRING_H 1
| #define HAVE_MEMORY_H 1
| #define HAVE_STRINGS_H 1
| #define HAVE_INTTYPES_H 1
| #define HAVE_STDINT_H 1
| #define HAVE_UNISTD_H 1
| #define __EXTENSIONS__ 1
| #define _ALL_SOURCE 1
| #define _GNU_SOURCE 1
| #define _POSIX_PTHREAD_SEMANTICS 1
| #define _TANDEM_SOURCE 1
| #define COMEX_NETWORK_MPI_TS 1
| #define COMEX_NETWORK_MPI_MT 0
| #define COMEX_NETWORK_MPI_PT 0
| #define COMEX_NETWORK_MPI_PR 0
| #define COMEX_NETWORK_MPI3 0
| #define COMEX_NETWORK_OFA 0
| #define COMEX_NETWORK_PORTALS4 0
| #define COMEX_NETWORK_DMAPP 0
| #define COMEX_NETWORK_OFI 0
| #define HAVE_DIRENT_H 1
| #define HAVE__BOOL 1
| #define HAVE_STDBOOL_H 1
| #define STDC_HEADERS 1
| #define HAVE_SYS_WAIT_H 1
| #define HAVE_ASSERT_H 1
| #define HAVE_ERRNO_H 1
| #define HAVE_GETOPT_H 1
| #define HAVE_MATH_H 1
| #define HAVE_PTHREAD_H 1
| #define HAVE_SCHED_H 1
| #define HAVE_SEMAPHORE_H 1
| #define HAVE_STDINT_H 1
| #define HAVE_STDIO_H 1
| #define HAVE_STDLIB_H 1
| #define HAVE_STRING_H 1
| #define HAVE_STRINGS_H 1
| #define HAVE_SYS_TIME_H 1
| #define HAVE_SYS_TYPES_H 1
| #define HAVE_UNISTD_H 1
| #define restrict __restrict
| /* end confdefs.h.  */
| #include <stdio.h>
| #ifdef HAVE_SYS_TYPES_H
| # include <sys/types.h>
| #endif
| #ifdef HAVE_SYS_STAT_H
| # include <sys/stat.h>
| #endif
| #ifdef STDC_HEADERS
| # include <stdlib.h>
| # include <stddef.h>
| #else
| # ifdef HAVE_STDLIB_H
| #  include <stdlib.h>
| # endif
| #endif
| #ifdef HAVE_STRING_H
| # if !defined STDC_HEADERS && defined HAVE_MEMORY_H
| #  include <memory.h>
| # endif
| # include <string.h>
| #endif
| #ifdef HAVE_STRINGS_H
| # include <strings.h>
| #endif
| #ifdef HAVE_INTTYPES_H
| # include <inttypes.h>
| #endif
| #ifdef HAVE_STDINT_H
| # include <stdint.h>
| #endif
| #ifdef HAVE_UNISTD_H
| # include <unistd.h>
| #endif
| 	        enum { N = 16 / 2 - 1 };
| int
| main ()
| {
| static int test_array [1 - 2 * !((int16_t) (((((int16_t) 1 << N) << N) - 1) * 2 + 1)
| 		 < (int16_t) (((((int16_t) 1 << N) << N) - 1) * 2 + 2))];
| test_array [0] = 0;
| return test_array [0];
| 
|   ;
|   return 0;
| }
configure:10630: result: yes
configure:10641: checking for int32_t
configure:10641: cc -c -fPIC -DMPICH_NO_ATTR_TYPE_TAGS  conftest.c >&5
configure:10641: $? = 0
configure:10641: cc -c -fPIC -DMPICH_NO_ATTR_TYPE_TAGS  conftest.c >&5
conftest.c:94:53: warning: overflow in expression; result is -2147483648 with type 'int' [-Winteger-overflow]
                 < (int32_t) (((((int32_t) 1 << N) << N) - 1) * 2 + 2))];
                                                                  ^
conftest.c:93:24: error: 'test_array' declared as an array with a negative size
static int test_array [1 - 2 * !((int32_t) (((((int32_t) 1 << N) << N) - 1) * 2 + 1)
                       ^~~~~~~~~~~~~~~~~~~~~~~~~~~~~~~~~~~~~~~~~~~~~~~~~~~~~~~~~~~~~
1 warning and 1 error generated.
configure:10641: $? = 1
configure: failed program was:
| /* confdefs.h */
| #define PACKAGE_NAME "Communication Runtime for Extreme Scale (comex)"
| #define PACKAGE_TARNAME "comex"
| #define PACKAGE_VERSION "1.1"
| #define PACKAGE_STRING "Communication Runtime for Extreme Scale (comex) 1.1"
| #define PACKAGE_BUGREPORT "hpctools@pnl.gov"
| #define PACKAGE_URL "http://www.emsl.pnl.gov/docs/global/"
| #define PACKAGE "comex"
| #define VERSION "1.1"
| #define STDC_HEADERS 1
| #define HAVE_SYS_TYPES_H 1
| #define HAVE_SYS_STAT_H 1
| #define HAVE_STDLIB_H 1
| #define HAVE_STRING_H 1
| #define HAVE_MEMORY_H 1
| #define HAVE_STRINGS_H 1
| #define HAVE_INTTYPES_H 1
| #define HAVE_STDINT_H 1
| #define HAVE_UNISTD_H 1
| #define __EXTENSIONS__ 1
| #define _ALL_SOURCE 1
| #define _GNU_SOURCE 1
| #define _POSIX_PTHREAD_SEMANTICS 1
| #define _TANDEM_SOURCE 1
| #define COMEX_NETWORK_MPI_TS 1
| #define COMEX_NETWORK_MPI_MT 0
| #define COMEX_NETWORK_MPI_PT 0
| #define COMEX_NETWORK_MPI_PR 0
| #define COMEX_NETWORK_MPI3 0
| #define COMEX_NETWORK_OFA 0
| #define COMEX_NETWORK_PORTALS4 0
| #define COMEX_NETWORK_DMAPP 0
| #define COMEX_NETWORK_OFI 0
| #define HAVE_DIRENT_H 1
| #define HAVE__BOOL 1
| #define HAVE_STDBOOL_H 1
| #define STDC_HEADERS 1
| #define HAVE_SYS_WAIT_H 1
| #define HAVE_ASSERT_H 1
| #define HAVE_ERRNO_H 1
| #define HAVE_GETOPT_H 1
| #define HAVE_MATH_H 1
| #define HAVE_PTHREAD_H 1
| #define HAVE_SCHED_H 1
| #define HAVE_SEMAPHORE_H 1
| #define HAVE_STDINT_H 1
| #define HAVE_STDIO_H 1
| #define HAVE_STDLIB_H 1
| #define HAVE_STRING_H 1
| #define HAVE_STRINGS_H 1
| #define HAVE_SYS_TIME_H 1
| #define HAVE_SYS_TYPES_H 1
| #define HAVE_UNISTD_H 1
| #define restrict __restrict
| /* end confdefs.h.  */
| #include <stdio.h>
| #ifdef HAVE_SYS_TYPES_H
| # include <sys/types.h>
| #endif
| #ifdef HAVE_SYS_STAT_H
| # include <sys/stat.h>
| #endif
| #ifdef STDC_HEADERS
| # include <stdlib.h>
| # include <stddef.h>
| #else
| # ifdef HAVE_STDLIB_H
| #  include <stdlib.h>
| # endif
| #endif
| #ifdef HAVE_STRING_H
| # if !defined STDC_HEADERS && defined HAVE_MEMORY_H
| #  include <memory.h>
| # endif
| # include <string.h>
| #endif
| #ifdef HAVE_STRINGS_H
| # include <strings.h>
| #endif
| #ifdef HAVE_INTTYPES_H
| # include <inttypes.h>
| #endif
| #ifdef HAVE_STDINT_H
| # include <stdint.h>
| #endif
| #ifdef HAVE_UNISTD_H
| # include <unistd.h>
| #endif
| 	        enum { N = 32 / 2 - 1 };
| int
| main ()
| {
| static int test_array [1 - 2 * !((int32_t) (((((int32_t) 1 << N) << N) - 1) * 2 + 1)
| 		 < (int32_t) (((((int32_t) 1 << N) << N) - 1) * 2 + 2))];
| test_array [0] = 0;
| return test_array [0];
| 
|   ;
|   return 0;
| }
configure:10641: result: yes
configure:10652: checking for int64_t
configure:10652: cc -c -fPIC -DMPICH_NO_ATTR_TYPE_TAGS  conftest.c >&5
configure:10652: $? = 0
configure:10652: cc -c -fPIC -DMPICH_NO_ATTR_TYPE_TAGS  conftest.c >&5
conftest.c:94:53: warning: overflow in expression; result is -9223372036854775808 with type 'long long' [-Winteger-overflow]
                 < (int64_t) (((((int64_t) 1 << N) << N) - 1) * 2 + 2))];
                                                                  ^
conftest.c:93:24: error: 'test_array' declared as an array with a negative size
static int test_array [1 - 2 * !((int64_t) (((((int64_t) 1 << N) << N) - 1) * 2 + 1)
                       ^~~~~~~~~~~~~~~~~~~~~~~~~~~~~~~~~~~~~~~~~~~~~~~~~~~~~~~~~~~~~
1 warning and 1 error generated.
configure:10652: $? = 1
configure: failed program was:
| /* confdefs.h */
| #define PACKAGE_NAME "Communication Runtime for Extreme Scale (comex)"
| #define PACKAGE_TARNAME "comex"
| #define PACKAGE_VERSION "1.1"
| #define PACKAGE_STRING "Communication Runtime for Extreme Scale (comex) 1.1"
| #define PACKAGE_BUGREPORT "hpctools@pnl.gov"
| #define PACKAGE_URL "http://www.emsl.pnl.gov/docs/global/"
| #define PACKAGE "comex"
| #define VERSION "1.1"
| #define STDC_HEADERS 1
| #define HAVE_SYS_TYPES_H 1
| #define HAVE_SYS_STAT_H 1
| #define HAVE_STDLIB_H 1
| #define HAVE_STRING_H 1
| #define HAVE_MEMORY_H 1
| #define HAVE_STRINGS_H 1
| #define HAVE_INTTYPES_H 1
| #define HAVE_STDINT_H 1
| #define HAVE_UNISTD_H 1
| #define __EXTENSIONS__ 1
| #define _ALL_SOURCE 1
| #define _GNU_SOURCE 1
| #define _POSIX_PTHREAD_SEMANTICS 1
| #define _TANDEM_SOURCE 1
| #define COMEX_NETWORK_MPI_TS 1
| #define COMEX_NETWORK_MPI_MT 0
| #define COMEX_NETWORK_MPI_PT 0
| #define COMEX_NETWORK_MPI_PR 0
| #define COMEX_NETWORK_MPI3 0
| #define COMEX_NETWORK_OFA 0
| #define COMEX_NETWORK_PORTALS4 0
| #define COMEX_NETWORK_DMAPP 0
| #define COMEX_NETWORK_OFI 0
| #define HAVE_DIRENT_H 1
| #define HAVE__BOOL 1
| #define HAVE_STDBOOL_H 1
| #define STDC_HEADERS 1
| #define HAVE_SYS_WAIT_H 1
| #define HAVE_ASSERT_H 1
| #define HAVE_ERRNO_H 1
| #define HAVE_GETOPT_H 1
| #define HAVE_MATH_H 1
| #define HAVE_PTHREAD_H 1
| #define HAVE_SCHED_H 1
| #define HAVE_SEMAPHORE_H 1
| #define HAVE_STDINT_H 1
| #define HAVE_STDIO_H 1
| #define HAVE_STDLIB_H 1
| #define HAVE_STRING_H 1
| #define HAVE_STRINGS_H 1
| #define HAVE_SYS_TIME_H 1
| #define HAVE_SYS_TYPES_H 1
| #define HAVE_UNISTD_H 1
| #define restrict __restrict
| /* end confdefs.h.  */
| #include <stdio.h>
| #ifdef HAVE_SYS_TYPES_H
| # include <sys/types.h>
| #endif
| #ifdef HAVE_SYS_STAT_H
| # include <sys/stat.h>
| #endif
| #ifdef STDC_HEADERS
| # include <stdlib.h>
| # include <stddef.h>
| #else
| # ifdef HAVE_STDLIB_H
| #  include <stdlib.h>
| # endif
| #endif
| #ifdef HAVE_STRING_H
| # if !defined STDC_HEADERS && defined HAVE_MEMORY_H
| #  include <memory.h>
| # endif
| # include <string.h>
| #endif
| #ifdef HAVE_STRINGS_H
| # include <strings.h>
| #endif
| #ifdef HAVE_INTTYPES_H
| # include <inttypes.h>
| #endif
| #ifdef HAVE_STDINT_H
| # include <stdint.h>
| #endif
| #ifdef HAVE_UNISTD_H
| # include <unistd.h>
| #endif
| 	        enum { N = 64 / 2 - 1 };
| int
| main ()
| {
| static int test_array [1 - 2 * !((int64_t) (((((int64_t) 1 << N) << N) - 1) * 2 + 1)
| 		 < (int64_t) (((((int64_t) 1 << N) << N) - 1) * 2 + 2))];
| test_array [0] = 0;
| return test_array [0];
| 
|   ;
|   return 0;
| }
configure:10652: result: yes
configure:10663: checking for off_t
configure:10663: cc -c -fPIC -DMPICH_NO_ATTR_TYPE_TAGS  conftest.c >&5
configure:10663: $? = 0
configure:10663: cc -c -fPIC -DMPICH_NO_ATTR_TYPE_TAGS  conftest.c >&5
conftest.c:92:20: error: expected expression
if (sizeof ((off_t)))
                   ^
1 error generated.
configure:10663: $? = 1
configure: failed program was:
| /* confdefs.h */
| #define PACKAGE_NAME "Communication Runtime for Extreme Scale (comex)"
| #define PACKAGE_TARNAME "comex"
| #define PACKAGE_VERSION "1.1"
| #define PACKAGE_STRING "Communication Runtime for Extreme Scale (comex) 1.1"
| #define PACKAGE_BUGREPORT "hpctools@pnl.gov"
| #define PACKAGE_URL "http://www.emsl.pnl.gov/docs/global/"
| #define PACKAGE "comex"
| #define VERSION "1.1"
| #define STDC_HEADERS 1
| #define HAVE_SYS_TYPES_H 1
| #define HAVE_SYS_STAT_H 1
| #define HAVE_STDLIB_H 1
| #define HAVE_STRING_H 1
| #define HAVE_MEMORY_H 1
| #define HAVE_STRINGS_H 1
| #define HAVE_INTTYPES_H 1
| #define HAVE_STDINT_H 1
| #define HAVE_UNISTD_H 1
| #define __EXTENSIONS__ 1
| #define _ALL_SOURCE 1
| #define _GNU_SOURCE 1
| #define _POSIX_PTHREAD_SEMANTICS 1
| #define _TANDEM_SOURCE 1
| #define COMEX_NETWORK_MPI_TS 1
| #define COMEX_NETWORK_MPI_MT 0
| #define COMEX_NETWORK_MPI_PT 0
| #define COMEX_NETWORK_MPI_PR 0
| #define COMEX_NETWORK_MPI3 0
| #define COMEX_NETWORK_OFA 0
| #define COMEX_NETWORK_PORTALS4 0
| #define COMEX_NETWORK_DMAPP 0
| #define COMEX_NETWORK_OFI 0
| #define HAVE_DIRENT_H 1
| #define HAVE__BOOL 1
| #define HAVE_STDBOOL_H 1
| #define STDC_HEADERS 1
| #define HAVE_SYS_WAIT_H 1
| #define HAVE_ASSERT_H 1
| #define HAVE_ERRNO_H 1
| #define HAVE_GETOPT_H 1
| #define HAVE_MATH_H 1
| #define HAVE_PTHREAD_H 1
| #define HAVE_SCHED_H 1
| #define HAVE_SEMAPHORE_H 1
| #define HAVE_STDINT_H 1
| #define HAVE_STDIO_H 1
| #define HAVE_STDLIB_H 1
| #define HAVE_STRING_H 1
| #define HAVE_STRINGS_H 1
| #define HAVE_SYS_TIME_H 1
| #define HAVE_SYS_TYPES_H 1
| #define HAVE_UNISTD_H 1
| #define restrict __restrict
| /* end confdefs.h.  */
| #include <stdio.h>
| #ifdef HAVE_SYS_TYPES_H
| # include <sys/types.h>
| #endif
| #ifdef HAVE_SYS_STAT_H
| # include <sys/stat.h>
| #endif
| #ifdef STDC_HEADERS
| # include <stdlib.h>
| # include <stddef.h>
| #else
| # ifdef HAVE_STDLIB_H
| #  include <stdlib.h>
| # endif
| #endif
| #ifdef HAVE_STRING_H
| # if !defined STDC_HEADERS && defined HAVE_MEMORY_H
| #  include <memory.h>
| # endif
| # include <string.h>
| #endif
| #ifdef HAVE_STRINGS_H
| # include <strings.h>
| #endif
| #ifdef HAVE_INTTYPES_H
| # include <inttypes.h>
| #endif
| #ifdef HAVE_STDINT_H
| # include <stdint.h>
| #endif
| #ifdef HAVE_UNISTD_H
| # include <unistd.h>
| #endif
| int
| main ()
| {
| if (sizeof ((off_t)))
| 	    return 0;
|   ;
|   return 0;
| }
configure:10663: result: yes
configure:10674: checking for pid_t
configure:10674: cc -c -fPIC -DMPICH_NO_ATTR_TYPE_TAGS  conftest.c >&5
configure:10674: $? = 0
configure:10674: cc -c -fPIC -DMPICH_NO_ATTR_TYPE_TAGS  conftest.c >&5
conftest.c:92:20: error: expected expression
if (sizeof ((pid_t)))
                   ^
1 error generated.
configure:10674: $? = 1
configure: failed program was:
| /* confdefs.h */
| #define PACKAGE_NAME "Communication Runtime for Extreme Scale (comex)"
| #define PACKAGE_TARNAME "comex"
| #define PACKAGE_VERSION "1.1"
| #define PACKAGE_STRING "Communication Runtime for Extreme Scale (comex) 1.1"
| #define PACKAGE_BUGREPORT "hpctools@pnl.gov"
| #define PACKAGE_URL "http://www.emsl.pnl.gov/docs/global/"
| #define PACKAGE "comex"
| #define VERSION "1.1"
| #define STDC_HEADERS 1
| #define HAVE_SYS_TYPES_H 1
| #define HAVE_SYS_STAT_H 1
| #define HAVE_STDLIB_H 1
| #define HAVE_STRING_H 1
| #define HAVE_MEMORY_H 1
| #define HAVE_STRINGS_H 1
| #define HAVE_INTTYPES_H 1
| #define HAVE_STDINT_H 1
| #define HAVE_UNISTD_H 1
| #define __EXTENSIONS__ 1
| #define _ALL_SOURCE 1
| #define _GNU_SOURCE 1
| #define _POSIX_PTHREAD_SEMANTICS 1
| #define _TANDEM_SOURCE 1
| #define COMEX_NETWORK_MPI_TS 1
| #define COMEX_NETWORK_MPI_MT 0
| #define COMEX_NETWORK_MPI_PT 0
| #define COMEX_NETWORK_MPI_PR 0
| #define COMEX_NETWORK_MPI3 0
| #define COMEX_NETWORK_OFA 0
| #define COMEX_NETWORK_PORTALS4 0
| #define COMEX_NETWORK_DMAPP 0
| #define COMEX_NETWORK_OFI 0
| #define HAVE_DIRENT_H 1
| #define HAVE__BOOL 1
| #define HAVE_STDBOOL_H 1
| #define STDC_HEADERS 1
| #define HAVE_SYS_WAIT_H 1
| #define HAVE_ASSERT_H 1
| #define HAVE_ERRNO_H 1
| #define HAVE_GETOPT_H 1
| #define HAVE_MATH_H 1
| #define HAVE_PTHREAD_H 1
| #define HAVE_SCHED_H 1
| #define HAVE_SEMAPHORE_H 1
| #define HAVE_STDINT_H 1
| #define HAVE_STDIO_H 1
| #define HAVE_STDLIB_H 1
| #define HAVE_STRING_H 1
| #define HAVE_STRINGS_H 1
| #define HAVE_SYS_TIME_H 1
| #define HAVE_SYS_TYPES_H 1
| #define HAVE_UNISTD_H 1
| #define restrict __restrict
| /* end confdefs.h.  */
| #include <stdio.h>
| #ifdef HAVE_SYS_TYPES_H
| # include <sys/types.h>
| #endif
| #ifdef HAVE_SYS_STAT_H
| # include <sys/stat.h>
| #endif
| #ifdef STDC_HEADERS
| # include <stdlib.h>
| # include <stddef.h>
| #else
| # ifdef HAVE_STDLIB_H
| #  include <stdlib.h>
| # endif
| #endif
| #ifdef HAVE_STRING_H
| # if !defined STDC_HEADERS && defined HAVE_MEMORY_H
| #  include <memory.h>
| # endif
| # include <string.h>
| #endif
| #ifdef HAVE_STRINGS_H
| # include <strings.h>
| #endif
| #ifdef HAVE_INTTYPES_H
| # include <inttypes.h>
| #endif
| #ifdef HAVE_STDINT_H
| # include <stdint.h>
| #endif
| #ifdef HAVE_UNISTD_H
| # include <unistd.h>
| #endif
| int
| main ()
| {
| if (sizeof ((pid_t)))
| 	    return 0;
|   ;
|   return 0;
| }
configure:10674: result: yes
configure:10685: checking for size_t
configure:10685: cc -c -fPIC -DMPICH_NO_ATTR_TYPE_TAGS  conftest.c >&5
configure:10685: $? = 0
configure:10685: cc -c -fPIC -DMPICH_NO_ATTR_TYPE_TAGS  conftest.c >&5
conftest.c:92:21: error: expected expression
if (sizeof ((size_t)))
                    ^
1 error generated.
configure:10685: $? = 1
configure: failed program was:
| /* confdefs.h */
| #define PACKAGE_NAME "Communication Runtime for Extreme Scale (comex)"
| #define PACKAGE_TARNAME "comex"
| #define PACKAGE_VERSION "1.1"
| #define PACKAGE_STRING "Communication Runtime for Extreme Scale (comex) 1.1"
| #define PACKAGE_BUGREPORT "hpctools@pnl.gov"
| #define PACKAGE_URL "http://www.emsl.pnl.gov/docs/global/"
| #define PACKAGE "comex"
| #define VERSION "1.1"
| #define STDC_HEADERS 1
| #define HAVE_SYS_TYPES_H 1
| #define HAVE_SYS_STAT_H 1
| #define HAVE_STDLIB_H 1
| #define HAVE_STRING_H 1
| #define HAVE_MEMORY_H 1
| #define HAVE_STRINGS_H 1
| #define HAVE_INTTYPES_H 1
| #define HAVE_STDINT_H 1
| #define HAVE_UNISTD_H 1
| #define __EXTENSIONS__ 1
| #define _ALL_SOURCE 1
| #define _GNU_SOURCE 1
| #define _POSIX_PTHREAD_SEMANTICS 1
| #define _TANDEM_SOURCE 1
| #define COMEX_NETWORK_MPI_TS 1
| #define COMEX_NETWORK_MPI_MT 0
| #define COMEX_NETWORK_MPI_PT 0
| #define COMEX_NETWORK_MPI_PR 0
| #define COMEX_NETWORK_MPI3 0
| #define COMEX_NETWORK_OFA 0
| #define COMEX_NETWORK_PORTALS4 0
| #define COMEX_NETWORK_DMAPP 0
| #define COMEX_NETWORK_OFI 0
| #define HAVE_DIRENT_H 1
| #define HAVE__BOOL 1
| #define HAVE_STDBOOL_H 1
| #define STDC_HEADERS 1
| #define HAVE_SYS_WAIT_H 1
| #define HAVE_ASSERT_H 1
| #define HAVE_ERRNO_H 1
| #define HAVE_GETOPT_H 1
| #define HAVE_MATH_H 1
| #define HAVE_PTHREAD_H 1
| #define HAVE_SCHED_H 1
| #define HAVE_SEMAPHORE_H 1
| #define HAVE_STDINT_H 1
| #define HAVE_STDIO_H 1
| #define HAVE_STDLIB_H 1
| #define HAVE_STRING_H 1
| #define HAVE_STRINGS_H 1
| #define HAVE_SYS_TIME_H 1
| #define HAVE_SYS_TYPES_H 1
| #define HAVE_UNISTD_H 1
| #define restrict __restrict
| /* end confdefs.h.  */
| #include <stdio.h>
| #ifdef HAVE_SYS_TYPES_H
| # include <sys/types.h>
| #endif
| #ifdef HAVE_SYS_STAT_H
| # include <sys/stat.h>
| #endif
| #ifdef STDC_HEADERS
| # include <stdlib.h>
| # include <stddef.h>
| #else
| # ifdef HAVE_STDLIB_H
| #  include <stdlib.h>
| # endif
| #endif
| #ifdef HAVE_STRING_H
| # if !defined STDC_HEADERS && defined HAVE_MEMORY_H
| #  include <memory.h>
| # endif
| # include <string.h>
| #endif
| #ifdef HAVE_STRINGS_H
| # include <strings.h>
| #endif
| #ifdef HAVE_INTTYPES_H
| # include <inttypes.h>
| #endif
| #ifdef HAVE_STDINT_H
| # include <stdint.h>
| #endif
| #ifdef HAVE_UNISTD_H
| # include <unistd.h>
| #endif
| int
| main ()
| {
| if (sizeof ((size_t)))
| 	    return 0;
|   ;
|   return 0;
| }
configure:10685: result: yes
configure:10696: checking for uint8_t
configure:10696: cc -c -fPIC -DMPICH_NO_ATTR_TYPE_TAGS  conftest.c >&5
configure:10696: $? = 0
configure:10696: result: yes
configure:10710: checking for uint16_t
configure:10710: cc -c -fPIC -DMPICH_NO_ATTR_TYPE_TAGS  conftest.c >&5
configure:10710: $? = 0
configure:10710: result: yes
configure:10722: checking for uint32_t
configure:10722: cc -c -fPIC -DMPICH_NO_ATTR_TYPE_TAGS  conftest.c >&5
configure:10722: $? = 0
configure:10722: result: yes
configure:10736: checking for uint64_t
configure:10736: cc -c -fPIC -DMPICH_NO_ATTR_TYPE_TAGS  conftest.c >&5
configure:10736: $? = 0
configure:10736: result: yes
configure:10750: checking for ptrdiff_t
configure:10750: cc -c -fPIC -DMPICH_NO_ATTR_TYPE_TAGS  conftest.c >&5
configure:10750: $? = 0
configure:10750: cc -c -fPIC -DMPICH_NO_ATTR_TYPE_TAGS  conftest.c >&5
conftest.c:92:24: error: expected expression
if (sizeof ((ptrdiff_t)))
                       ^
1 error generated.
configure:10750: $? = 1
configure: failed program was:
| /* confdefs.h */
| #define PACKAGE_NAME "Communication Runtime for Extreme Scale (comex)"
| #define PACKAGE_TARNAME "comex"
| #define PACKAGE_VERSION "1.1"
| #define PACKAGE_STRING "Communication Runtime for Extreme Scale (comex) 1.1"
| #define PACKAGE_BUGREPORT "hpctools@pnl.gov"
| #define PACKAGE_URL "http://www.emsl.pnl.gov/docs/global/"
| #define PACKAGE "comex"
| #define VERSION "1.1"
| #define STDC_HEADERS 1
| #define HAVE_SYS_TYPES_H 1
| #define HAVE_SYS_STAT_H 1
| #define HAVE_STDLIB_H 1
| #define HAVE_STRING_H 1
| #define HAVE_MEMORY_H 1
| #define HAVE_STRINGS_H 1
| #define HAVE_INTTYPES_H 1
| #define HAVE_STDINT_H 1
| #define HAVE_UNISTD_H 1
| #define __EXTENSIONS__ 1
| #define _ALL_SOURCE 1
| #define _GNU_SOURCE 1
| #define _POSIX_PTHREAD_SEMANTICS 1
| #define _TANDEM_SOURCE 1
| #define COMEX_NETWORK_MPI_TS 1
| #define COMEX_NETWORK_MPI_MT 0
| #define COMEX_NETWORK_MPI_PT 0
| #define COMEX_NETWORK_MPI_PR 0
| #define COMEX_NETWORK_MPI3 0
| #define COMEX_NETWORK_OFA 0
| #define COMEX_NETWORK_PORTALS4 0
| #define COMEX_NETWORK_DMAPP 0
| #define COMEX_NETWORK_OFI 0
| #define HAVE_DIRENT_H 1
| #define HAVE__BOOL 1
| #define HAVE_STDBOOL_H 1
| #define STDC_HEADERS 1
| #define HAVE_SYS_WAIT_H 1
| #define HAVE_ASSERT_H 1
| #define HAVE_ERRNO_H 1
| #define HAVE_GETOPT_H 1
| #define HAVE_MATH_H 1
| #define HAVE_PTHREAD_H 1
| #define HAVE_SCHED_H 1
| #define HAVE_SEMAPHORE_H 1
| #define HAVE_STDINT_H 1
| #define HAVE_STDIO_H 1
| #define HAVE_STDLIB_H 1
| #define HAVE_STRING_H 1
| #define HAVE_STRINGS_H 1
| #define HAVE_SYS_TIME_H 1
| #define HAVE_SYS_TYPES_H 1
| #define HAVE_UNISTD_H 1
| #define restrict __restrict
| /* end confdefs.h.  */
| #include <stdio.h>
| #ifdef HAVE_SYS_TYPES_H
| # include <sys/types.h>
| #endif
| #ifdef HAVE_SYS_STAT_H
| # include <sys/stat.h>
| #endif
| #ifdef STDC_HEADERS
| # include <stdlib.h>
| # include <stddef.h>
| #else
| # ifdef HAVE_STDLIB_H
| #  include <stdlib.h>
| # endif
| #endif
| #ifdef HAVE_STRING_H
| # if !defined STDC_HEADERS && defined HAVE_MEMORY_H
| #  include <memory.h>
| # endif
| # include <string.h>
| #endif
| #ifdef HAVE_STRINGS_H
| # include <strings.h>
| #endif
| #ifdef HAVE_INTTYPES_H
| # include <inttypes.h>
| #endif
| #ifdef HAVE_STDINT_H
| # include <stdint.h>
| #endif
| #ifdef HAVE_UNISTD_H
| # include <unistd.h>
| #endif
| int
| main ()
| {
| if (sizeof ((ptrdiff_t)))
| 	    return 0;
|   ;
|   return 0;
| }
configure:10750: result: yes
configure:10760: checking for preprocessor symbol for function name
configure:10777: cc -c -fPIC -DMPICH_NO_ATTR_TYPE_TAGS  conftest.c >&5
configure:10777: $? = 0
configure:10803: result: __func__
configure:10827: checking whether cc supports #pragma weak
configure:10850: cc -o conftest -fPIC -DMPICH_NO_ATTR_TYPE_TAGS   conftest.c  >&5
conftest.c:66:1: error: call to 'weakf' is ambiguous
weakf(0)
^~~~~
conftest.c:60:13: note: candidate function
extern void weakf(int c);
            ^
conftest.c:61:14: note: candidate function
#pragma weak weakf = __weakf
             ^
1 error generated.
configure:10850: $? = 1
configure: failed program was:
| /* confdefs.h */
| #define PACKAGE_NAME "Communication Runtime for Extreme Scale (comex)"
| #define PACKAGE_TARNAME "comex"
| #define PACKAGE_VERSION "1.1"
| #define PACKAGE_STRING "Communication Runtime for Extreme Scale (comex) 1.1"
| #define PACKAGE_BUGREPORT "hpctools@pnl.gov"
| #define PACKAGE_URL "http://www.emsl.pnl.gov/docs/global/"
| #define PACKAGE "comex"
| #define VERSION "1.1"
| #define STDC_HEADERS 1
| #define HAVE_SYS_TYPES_H 1
| #define HAVE_SYS_STAT_H 1
| #define HAVE_STDLIB_H 1
| #define HAVE_STRING_H 1
| #define HAVE_MEMORY_H 1
| #define HAVE_STRINGS_H 1
| #define HAVE_INTTYPES_H 1
| #define HAVE_STDINT_H 1
| #define HAVE_UNISTD_H 1
| #define __EXTENSIONS__ 1
| #define _ALL_SOURCE 1
| #define _GNU_SOURCE 1
| #define _POSIX_PTHREAD_SEMANTICS 1
| #define _TANDEM_SOURCE 1
| #define COMEX_NETWORK_MPI_TS 1
| #define COMEX_NETWORK_MPI_MT 0
| #define COMEX_NETWORK_MPI_PT 0
| #define COMEX_NETWORK_MPI_PR 0
| #define COMEX_NETWORK_MPI3 0
| #define COMEX_NETWORK_OFA 0
| #define COMEX_NETWORK_PORTALS4 0
| #define COMEX_NETWORK_DMAPP 0
| #define COMEX_NETWORK_OFI 0
| #define HAVE_DIRENT_H 1
| #define HAVE__BOOL 1
| #define HAVE_STDBOOL_H 1
| #define STDC_HEADERS 1
| #define HAVE_SYS_WAIT_H 1
| #define HAVE_ASSERT_H 1
| #define HAVE_ERRNO_H 1
| #define HAVE_GETOPT_H 1
| #define HAVE_MATH_H 1
| #define HAVE_PTHREAD_H 1
| #define HAVE_SCHED_H 1
| #define HAVE_SEMAPHORE_H 1
| #define HAVE_STDINT_H 1
| #define HAVE_STDIO_H 1
| #define HAVE_STDLIB_H 1
| #define HAVE_STRING_H 1
| #define HAVE_STRINGS_H 1
| #define HAVE_SYS_TIME_H 1
| #define HAVE_SYS_TYPES_H 1
| #define HAVE_UNISTD_H 1
| #define restrict __restrict
| #define HAVE_PTRDIFF_T 1
| #define FUNCTION_NAME __func__
| /* end confdefs.h.  */
| 
| 
| extern void weakf(int c);
| #pragma weak weakf = __weakf
| void __weakf(int c) {}
| int
| main ()
| {
| weakf(0)
|   ;
|   return 0;
| }
configure:10859: result: no
configure:10903: checking size of MPI_Aint
configure:10908: cc -o conftest -fPIC -DMPICH_NO_ATTR_TYPE_TAGS   -I/opt/homebrew/Cellar/open-mpi/4.1.4_2/include -I/opt/homebrew/Cellar/open-mpi/4.1.4_2/lib   -L/opt/homebrew/Cellar/open-mpi/4.1.4_2/lib -L/opt/homebrew/opt/libevent/lib conftest.c   -lmpi_usempif08 -lmpi_usempi_ignore_tkr -lmpi_mpifh -lmpi >&5
configure:10908: $? = 0
configure:10908: ./conftest
configure:10908: $? = 0
configure:10923: result: 8
configure:10940: checking size of void*
configure:10945: cc -o conftest -fPIC -DMPICH_NO_ATTR_TYPE_TAGS   conftest.c  >&5
configure:10945: $? = 0
configure:10945: ./conftest
configure:10945: $? = 0
configure:10959: result: 8
configure:10973: checking size of char
configure:10978: cc -o conftest -fPIC -DMPICH_NO_ATTR_TYPE_TAGS   conftest.c  >&5
configure:10978: $? = 0
configure:10978: ./conftest
configure:10978: $? = 0
configure:10992: result: 1
configure:11006: checking size of short
configure:11011: cc -o conftest -fPIC -DMPICH_NO_ATTR_TYPE_TAGS   conftest.c  >&5
configure:11011: $? = 0
configure:11011: ./conftest
configure:11011: $? = 0
configure:11025: result: 2
configure:11039: checking size of int
configure:11044: cc -o conftest -fPIC -DMPICH_NO_ATTR_TYPE_TAGS   conftest.c  >&5
configure:11044: $? = 0
configure:11044: ./conftest
configure:11044: $? = 0
configure:11058: result: 4
configure:11072: checking size of long
configure:11077: cc -o conftest -fPIC -DMPICH_NO_ATTR_TYPE_TAGS   conftest.c  >&5
configure:11077: $? = 0
configure:11077: ./conftest
configure:11077: $? = 0
configure:11091: result: 8
configure:11105: checking size of long long
configure:11110: cc -o conftest -fPIC -DMPICH_NO_ATTR_TYPE_TAGS   conftest.c  >&5
configure:11110: $? = 0
configure:11110: ./conftest
configure:11110: $? = 0
configure:11124: result: 8
configure:11138: checking size of float
configure:11143: cc -o conftest -fPIC -DMPICH_NO_ATTR_TYPE_TAGS   conftest.c  >&5
configure:11143: $? = 0
configure:11143: ./conftest
configure:11143: $? = 0
configure:11157: result: 4
configure:11171: checking size of double
configure:11176: cc -o conftest -fPIC -DMPICH_NO_ATTR_TYPE_TAGS   conftest.c  >&5
configure:11176: $? = 0
configure:11176: ./conftest
configure:11176: $? = 0
configure:11190: result: 8
configure:11208: checking for stdlib.h
configure:11208: result: yes
configure:11208: checking for unistd.h
configure:11208: result: yes
configure:11208: checking for sys/param.h
configure:11208: cc -c -fPIC -DMPICH_NO_ATTR_TYPE_TAGS  conftest.c >&5
configure:11208: $? = 0
configure:11208: result: yes
configure:11228: checking for getpagesize
configure:11228: cc -o conftest -fPIC -DMPICH_NO_ATTR_TYPE_TAGS   conftest.c  >&5
configure:11228: $? = 0
configure:11228: result: yes
configure:11237: checking for working mmap
configure:11384: cc -o conftest -fPIC -DMPICH_NO_ATTR_TYPE_TAGS   conftest.c  >&5
configure:11384: $? = 0
configure:11384: ./conftest
configure:11384: $? = 0
configure:11394: result: yes
configure:11405: checking for library containing sqrt
configure:11436: cc -o conftest -fPIC -DMPICH_NO_ATTR_TYPE_TAGS   conftest.c  >&5
conftest.c:79:6: warning: incompatible redeclaration of library function 'sqrt' [-Wincompatible-library-redeclaration]
char sqrt ();
     ^
conftest.c:79:6: note: 'sqrt' is a builtin with type 'double (double)'
1 warning generated.
configure:11436: $? = 0
configure:11453: result: none required
configure:11473: checking for library containing sem_open
configure:11504: cc -o conftest -fPIC -DMPICH_NO_ATTR_TYPE_TAGS   conftest.c  >&5
configure:11504: $? = 0
configure:11521: result: none required
configure:11541: checking for library containing shm_open
configure:11572: cc -o conftest -fPIC -DMPICH_NO_ATTR_TYPE_TAGS   conftest.c  >&5
configure:11572: $? = 0
configure:11589: result: none required
configure:11609: checking for library containing shm_unlink
configure:11640: cc -o conftest -fPIC -DMPICH_NO_ATTR_TYPE_TAGS   conftest.c  >&5
configure:11640: $? = 0
configure:11657: result: none required
configure:11677: checking for bzero
configure:11677: cc -o conftest -fPIC -DMPICH_NO_ATTR_TYPE_TAGS   conftest.c  >&5
conftest.c:99:6: warning: incompatible redeclaration of library function 'bzero' [-Wincompatible-library-redeclaration]
char bzero ();
     ^
conftest.c:99:6: note: 'bzero' is a builtin with type 'void (void *, unsigned long)'
1 warning generated.
configure:11677: $? = 0
configure:11677: result: yes
configure:11695: checking for gettimeofday
configure:11695: cc -o conftest -fPIC -DMPICH_NO_ATTR_TYPE_TAGS   conftest.c  >&5
configure:11695: $? = 0
configure:11695: result: yes
configure:11713: checking for memset
configure:11713: cc -o conftest -fPIC -DMPICH_NO_ATTR_TYPE_TAGS   conftest.c  >&5
conftest.c:101:6: warning: incompatible redeclaration of library function 'memset' [-Wincompatible-library-redeclaration]
char memset ();
     ^
conftest.c:101:6: note: 'memset' is a builtin with type 'void *(void *, int, unsigned long)'
1 warning generated.
configure:11713: $? = 0
configure:11713: result: yes
configure:11731: checking for munmap
configure:11731: cc -o conftest -fPIC -DMPICH_NO_ATTR_TYPE_TAGS   conftest.c  >&5
configure:11731: $? = 0
configure:11731: result: yes
configure:11749: checking for pthread_setaffinity_np
configure:11749: cc -o conftest -fPIC -DMPICH_NO_ATTR_TYPE_TAGS   conftest.c  >&5
Undefined symbols for architecture arm64:
  "_pthread_setaffinity_np", referenced from:
      _main in conftest-13a972.o
ld: symbol(s) not found for architecture arm64
clang: error: linker command failed with exit code 1 (use -v to see invocation)
configure:11749: $? = 1
configure: failed program was:
| /* confdefs.h */
| #define PACKAGE_NAME "Communication Runtime for Extreme Scale (comex)"
| #define PACKAGE_TARNAME "comex"
| #define PACKAGE_VERSION "1.1"
| #define PACKAGE_STRING "Communication Runtime for Extreme Scale (comex) 1.1"
| #define PACKAGE_BUGREPORT "hpctools@pnl.gov"
| #define PACKAGE_URL "http://www.emsl.pnl.gov/docs/global/"
| #define PACKAGE "comex"
| #define VERSION "1.1"
| #define STDC_HEADERS 1
| #define HAVE_SYS_TYPES_H 1
| #define HAVE_SYS_STAT_H 1
| #define HAVE_STDLIB_H 1
| #define HAVE_STRING_H 1
| #define HAVE_MEMORY_H 1
| #define HAVE_STRINGS_H 1
| #define HAVE_INTTYPES_H 1
| #define HAVE_STDINT_H 1
| #define HAVE_UNISTD_H 1
| #define __EXTENSIONS__ 1
| #define _ALL_SOURCE 1
| #define _GNU_SOURCE 1
| #define _POSIX_PTHREAD_SEMANTICS 1
| #define _TANDEM_SOURCE 1
| #define COMEX_NETWORK_MPI_TS 1
| #define COMEX_NETWORK_MPI_MT 0
| #define COMEX_NETWORK_MPI_PT 0
| #define COMEX_NETWORK_MPI_PR 0
| #define COMEX_NETWORK_MPI3 0
| #define COMEX_NETWORK_OFA 0
| #define COMEX_NETWORK_PORTALS4 0
| #define COMEX_NETWORK_DMAPP 0
| #define COMEX_NETWORK_OFI 0
| #define HAVE_DIRENT_H 1
| #define HAVE__BOOL 1
| #define HAVE_STDBOOL_H 1
| #define STDC_HEADERS 1
| #define HAVE_SYS_WAIT_H 1
| #define HAVE_ASSERT_H 1
| #define HAVE_ERRNO_H 1
| #define HAVE_GETOPT_H 1
| #define HAVE_MATH_H 1
| #define HAVE_PTHREAD_H 1
| #define HAVE_SCHED_H 1
| #define HAVE_SEMAPHORE_H 1
| #define HAVE_STDINT_H 1
| #define HAVE_STDIO_H 1
| #define HAVE_STDLIB_H 1
| #define HAVE_STRING_H 1
| #define HAVE_STRINGS_H 1
| #define HAVE_SYS_TIME_H 1
| #define HAVE_SYS_TYPES_H 1
| #define HAVE_UNISTD_H 1
| #define restrict __restrict
| #define HAVE_PTRDIFF_T 1
| #define FUNCTION_NAME __func__
| #define SIZEOF_MPI_AINT 8
| #define SIZEOF_VOIDP 8
| #define SIZEOF_CHAR 1
| #define SIZEOF_SHORT 2
| #define SIZEOF_INT 4
| #define SIZEOF_LONG 8
| #define SIZEOF_LONG_LONG 8
| #define SIZEOF_FLOAT 4
| #define SIZEOF_DOUBLE 8
| #define HAVE_STDLIB_H 1
| #define HAVE_UNISTD_H 1
| #define HAVE_SYS_PARAM_H 1
| #define HAVE_GETPAGESIZE 1
| #define HAVE_MMAP 1
| #define SQRT 1
| #define SEM_OPEN 1
| #define SHM_OPEN 1
| #define SHM_UNLINK 1
| #define HAVE_BZERO 1
| #define HAVE_GETTIMEOFDAY 1
| #define HAVE_MEMSET 1
| #define HAVE_MUNMAP 1
| /* end confdefs.h.  */
| /* Define pthread_setaffinity_np to an innocuous variant, in case <limits.h> declares pthread_setaffinity_np.
|    For example, HP-UX 11i <limits.h> declares gettimeofday.  */
| #define pthread_setaffinity_np innocuous_pthread_setaffinity_np
| 
| /* System header to define __stub macros and hopefully few prototypes,
|     which can conflict with char pthread_setaffinity_np (); below.
|     Prefer <limits.h> to <assert.h> if __STDC__ is defined, since
|     <limits.h> exists even on freestanding compilers.  */
| 
| #ifdef __STDC__
| # include <limits.h>
| #else
| # include <assert.h>
| #endif
| 
| #undef pthread_setaffinity_np
| 
| /* Override any GCC internal prototype to avoid an error.
|    Use char because int might match the return type of a GCC
|    builtin and then its argument prototype would still apply.  */
| #ifdef __cplusplus
| extern "C"
| #endif
| char pthread_setaffinity_np ();
| /* The GNU C library defines this for functions which it implements
|     to always fail with ENOSYS.  Some functions are actually named
|     something starting with __ and the normal name is an alias.  */
| #if defined __stub_pthread_setaffinity_np || defined __stub___pthread_setaffinity_np
| choke me
| #endif
| 
| int
| main ()
| {
| return pthread_setaffinity_np ();
|   ;
|   return 0;
| }
configure:11749: result: no
configure:11767: checking for sched_setaffinity
configure:11767: cc -o conftest -fPIC -DMPICH_NO_ATTR_TYPE_TAGS   conftest.c  >&5
Undefined symbols for architecture arm64:
  "_sched_setaffinity", referenced from:
      _main in conftest-a20536.o
ld: symbol(s) not found for architecture arm64
clang: error: linker command failed with exit code 1 (use -v to see invocation)
configure:11767: $? = 1
configure: failed program was:
| /* confdefs.h */
| #define PACKAGE_NAME "Communication Runtime for Extreme Scale (comex)"
| #define PACKAGE_TARNAME "comex"
| #define PACKAGE_VERSION "1.1"
| #define PACKAGE_STRING "Communication Runtime for Extreme Scale (comex) 1.1"
| #define PACKAGE_BUGREPORT "hpctools@pnl.gov"
| #define PACKAGE_URL "http://www.emsl.pnl.gov/docs/global/"
| #define PACKAGE "comex"
| #define VERSION "1.1"
| #define STDC_HEADERS 1
| #define HAVE_SYS_TYPES_H 1
| #define HAVE_SYS_STAT_H 1
| #define HAVE_STDLIB_H 1
| #define HAVE_STRING_H 1
| #define HAVE_MEMORY_H 1
| #define HAVE_STRINGS_H 1
| #define HAVE_INTTYPES_H 1
| #define HAVE_STDINT_H 1
| #define HAVE_UNISTD_H 1
| #define __EXTENSIONS__ 1
| #define _ALL_SOURCE 1
| #define _GNU_SOURCE 1
| #define _POSIX_PTHREAD_SEMANTICS 1
| #define _TANDEM_SOURCE 1
| #define COMEX_NETWORK_MPI_TS 1
| #define COMEX_NETWORK_MPI_MT 0
| #define COMEX_NETWORK_MPI_PT 0
| #define COMEX_NETWORK_MPI_PR 0
| #define COMEX_NETWORK_MPI3 0
| #define COMEX_NETWORK_OFA 0
| #define COMEX_NETWORK_PORTALS4 0
| #define COMEX_NETWORK_DMAPP 0
| #define COMEX_NETWORK_OFI 0
| #define HAVE_DIRENT_H 1
| #define HAVE__BOOL 1
| #define HAVE_STDBOOL_H 1
| #define STDC_HEADERS 1
| #define HAVE_SYS_WAIT_H 1
| #define HAVE_ASSERT_H 1
| #define HAVE_ERRNO_H 1
| #define HAVE_GETOPT_H 1
| #define HAVE_MATH_H 1
| #define HAVE_PTHREAD_H 1
| #define HAVE_SCHED_H 1
| #define HAVE_SEMAPHORE_H 1
| #define HAVE_STDINT_H 1
| #define HAVE_STDIO_H 1
| #define HAVE_STDLIB_H 1
| #define HAVE_STRING_H 1
| #define HAVE_STRINGS_H 1
| #define HAVE_SYS_TIME_H 1
| #define HAVE_SYS_TYPES_H 1
| #define HAVE_UNISTD_H 1
| #define restrict __restrict
| #define HAVE_PTRDIFF_T 1
| #define FUNCTION_NAME __func__
| #define SIZEOF_MPI_AINT 8
| #define SIZEOF_VOIDP 8
| #define SIZEOF_CHAR 1
| #define SIZEOF_SHORT 2
| #define SIZEOF_INT 4
| #define SIZEOF_LONG 8
| #define SIZEOF_LONG_LONG 8
| #define SIZEOF_FLOAT 4
| #define SIZEOF_DOUBLE 8
| #define HAVE_STDLIB_H 1
| #define HAVE_UNISTD_H 1
| #define HAVE_SYS_PARAM_H 1
| #define HAVE_GETPAGESIZE 1
| #define HAVE_MMAP 1
| #define SQRT 1
| #define SEM_OPEN 1
| #define SHM_OPEN 1
| #define SHM_UNLINK 1
| #define HAVE_BZERO 1
| #define HAVE_GETTIMEOFDAY 1
| #define HAVE_MEMSET 1
| #define HAVE_MUNMAP 1
| #define HAVE_PTHREAD_SETAFFINITY_NP 0
| /* end confdefs.h.  */
| /* Define sched_setaffinity to an innocuous variant, in case <limits.h> declares sched_setaffinity.
|    For example, HP-UX 11i <limits.h> declares gettimeofday.  */
| #define sched_setaffinity innocuous_sched_setaffinity
| 
| /* System header to define __stub macros and hopefully few prototypes,
|     which can conflict with char sched_setaffinity (); below.
|     Prefer <limits.h> to <assert.h> if __STDC__ is defined, since
|     <limits.h> exists even on freestanding compilers.  */
| 
| #ifdef __STDC__
| # include <limits.h>
| #else
| # include <assert.h>
| #endif
| 
| #undef sched_setaffinity
| 
| /* Override any GCC internal prototype to avoid an error.
|    Use char because int might match the return type of a GCC
|    builtin and then its argument prototype would still apply.  */
| #ifdef __cplusplus
| extern "C"
| #endif
| char sched_setaffinity ();
| /* The GNU C library defines this for functions which it implements
|     to always fail with ENOSYS.  Some functions are actually named
|     something starting with __ and the normal name is an alias.  */
| #if defined __stub_sched_setaffinity || defined __stub___sched_setaffinity
| choke me
| #endif
| 
| int
| main ()
| {
| return sched_setaffinity ();
|   ;
|   return 0;
| }
configure:11767: result: no
configure:11785: checking for strchr
configure:11785: cc -o conftest -fPIC -DMPICH_NO_ATTR_TYPE_TAGS   conftest.c  >&5
conftest.c:105:6: warning: incompatible redeclaration of library function 'strchr' [-Wincompatible-library-redeclaration]
char strchr ();
     ^
conftest.c:105:6: note: 'strchr' is a builtin with type 'char *(const char *, int)'
1 warning generated.
configure:11785: $? = 0
configure:11785: result: yes
configure:11803: checking for strdup
configure:11803: cc -o conftest -fPIC -DMPICH_NO_ATTR_TYPE_TAGS   conftest.c  >&5
conftest.c:106:6: warning: incompatible redeclaration of library function 'strdup' [-Wincompatible-library-redeclaration]
char strdup ();
     ^
conftest.c:106:6: note: 'strdup' is a builtin with type 'char *(const char *)'
1 warning generated.
configure:11803: $? = 0
configure:11803: result: yes
configure:11821: checking for strncasecmp
configure:11821: cc -o conftest -fPIC -DMPICH_NO_ATTR_TYPE_TAGS   conftest.c  >&5
conftest.c:107:6: warning: incompatible redeclaration of library function 'strncasecmp' [-Wincompatible-library-redeclaration]
char strncasecmp ();
     ^
conftest.c:107:6: note: 'strncasecmp' is a builtin with type 'int (const char *, const char *, unsigned long)'
1 warning generated.
configure:11821: $? = 0
configure:11821: result: yes
configure:11839: checking for strstr
configure:11839: cc -o conftest -fPIC -DMPICH_NO_ATTR_TYPE_TAGS   conftest.c  >&5
conftest.c:108:6: warning: incompatible redeclaration of library function 'strstr' [-Wincompatible-library-redeclaration]
char strstr ();
     ^
conftest.c:108:6: note: 'strstr' is a builtin with type 'char *(const char *, const char *)'
1 warning generated.
configure:11839: $? = 0
configure:11839: result: yes
configure:11862: checking for MPI_Ibarrier
configure:11862: cc -o conftest -fPIC -DMPICH_NO_ATTR_TYPE_TAGS   -I/opt/homebrew/Cellar/open-mpi/4.1.4_2/include -I/opt/homebrew/Cellar/open-mpi/4.1.4_2/lib   -L/opt/homebrew/Cellar/open-mpi/4.1.4_2/lib -L/opt/homebrew/opt/libevent/lib conftest.c   -lmpi_usempif08 -lmpi_usempi_ignore_tkr -lmpi_mpifh -lmpi >&5
configure:11862: $? = 0
configure:11862: result: yes
configure:11880: checking for MPIX_Ibarrier
configure:11880: cc -o conftest -fPIC -DMPICH_NO_ATTR_TYPE_TAGS   -I/opt/homebrew/Cellar/open-mpi/4.1.4_2/include -I/opt/homebrew/Cellar/open-mpi/4.1.4_2/lib   -L/opt/homebrew/Cellar/open-mpi/4.1.4_2/lib -L/opt/homebrew/opt/libevent/lib conftest.c   -lmpi_usempif08 -lmpi_usempi_ignore_tkr -lmpi_mpifh -lmpi >&5
Undefined symbols for architecture arm64:
  "_MPIX_Ibarrier", referenced from:
      _main in conftest-36ff17.o
ld: symbol(s) not found for architecture arm64
clang: error: linker command failed with exit code 1 (use -v to see invocation)
configure:11880: $? = 1
configure: failed program was:
| /* confdefs.h */
| #define PACKAGE_NAME "Communication Runtime for Extreme Scale (comex)"
| #define PACKAGE_TARNAME "comex"
| #define PACKAGE_VERSION "1.1"
| #define PACKAGE_STRING "Communication Runtime for Extreme Scale (comex) 1.1"
| #define PACKAGE_BUGREPORT "hpctools@pnl.gov"
| #define PACKAGE_URL "http://www.emsl.pnl.gov/docs/global/"
| #define PACKAGE "comex"
| #define VERSION "1.1"
| #define STDC_HEADERS 1
| #define HAVE_SYS_TYPES_H 1
| #define HAVE_SYS_STAT_H 1
| #define HAVE_STDLIB_H 1
| #define HAVE_STRING_H 1
| #define HAVE_MEMORY_H 1
| #define HAVE_STRINGS_H 1
| #define HAVE_INTTYPES_H 1
| #define HAVE_STDINT_H 1
| #define HAVE_UNISTD_H 1
| #define __EXTENSIONS__ 1
| #define _ALL_SOURCE 1
| #define _GNU_SOURCE 1
| #define _POSIX_PTHREAD_SEMANTICS 1
| #define _TANDEM_SOURCE 1
| #define COMEX_NETWORK_MPI_TS 1
| #define COMEX_NETWORK_MPI_MT 0
| #define COMEX_NETWORK_MPI_PT 0
| #define COMEX_NETWORK_MPI_PR 0
| #define COMEX_NETWORK_MPI3 0
| #define COMEX_NETWORK_OFA 0
| #define COMEX_NETWORK_PORTALS4 0
| #define COMEX_NETWORK_DMAPP 0
| #define COMEX_NETWORK_OFI 0
| #define HAVE_DIRENT_H 1
| #define HAVE__BOOL 1
| #define HAVE_STDBOOL_H 1
| #define STDC_HEADERS 1
| #define HAVE_SYS_WAIT_H 1
| #define HAVE_ASSERT_H 1
| #define HAVE_ERRNO_H 1
| #define HAVE_GETOPT_H 1
| #define HAVE_MATH_H 1
| #define HAVE_PTHREAD_H 1
| #define HAVE_SCHED_H 1
| #define HAVE_SEMAPHORE_H 1
| #define HAVE_STDINT_H 1
| #define HAVE_STDIO_H 1
| #define HAVE_STDLIB_H 1
| #define HAVE_STRING_H 1
| #define HAVE_STRINGS_H 1
| #define HAVE_SYS_TIME_H 1
| #define HAVE_SYS_TYPES_H 1
| #define HAVE_UNISTD_H 1
| #define restrict __restrict
| #define HAVE_PTRDIFF_T 1
| #define FUNCTION_NAME __func__
| #define SIZEOF_MPI_AINT 8
| #define SIZEOF_VOIDP 8
| #define SIZEOF_CHAR 1
| #define SIZEOF_SHORT 2
| #define SIZEOF_INT 4
| #define SIZEOF_LONG 8
| #define SIZEOF_LONG_LONG 8
| #define SIZEOF_FLOAT 4
| #define SIZEOF_DOUBLE 8
| #define HAVE_STDLIB_H 1
| #define HAVE_UNISTD_H 1
| #define HAVE_SYS_PARAM_H 1
| #define HAVE_GETPAGESIZE 1
| #define HAVE_MMAP 1
| #define SQRT 1
| #define SEM_OPEN 1
| #define SHM_OPEN 1
| #define SHM_UNLINK 1
| #define HAVE_BZERO 1
| #define HAVE_GETTIMEOFDAY 1
| #define HAVE_MEMSET 1
| #define HAVE_MUNMAP 1
| #define HAVE_PTHREAD_SETAFFINITY_NP 0
| #define HAVE_SCHED_SETAFFINITY 0
| #define HAVE_STRCHR 1
| #define HAVE_STRDUP 1
| #define HAVE_STRNCASECMP 1
| #define HAVE_STRSTR 1
| #define HAVE_MPI_IBARRIER 1
| /* end confdefs.h.  */
| /* Define MPIX_Ibarrier to an innocuous variant, in case <limits.h> declares MPIX_Ibarrier.
|    For example, HP-UX 11i <limits.h> declares gettimeofday.  */
| #define MPIX_Ibarrier innocuous_MPIX_Ibarrier
| 
| /* System header to define __stub macros and hopefully few prototypes,
|     which can conflict with char MPIX_Ibarrier (); below.
|     Prefer <limits.h> to <assert.h> if __STDC__ is defined, since
|     <limits.h> exists even on freestanding compilers.  */
| 
| #ifdef __STDC__
| # include <limits.h>
| #else
| # include <assert.h>
| #endif
| 
| #undef MPIX_Ibarrier
| 
| /* Override any GCC internal prototype to avoid an error.
|    Use char because int might match the return type of a GCC
|    builtin and then its argument prototype would still apply.  */
| #ifdef __cplusplus
| extern "C"
| #endif
| char MPIX_Ibarrier ();
| /* The GNU C library defines this for functions which it implements
|     to always fail with ENOSYS.  Some functions are actually named
|     something starting with __ and the normal name is an alias.  */
| #if defined __stub_MPIX_Ibarrier || defined __stub___MPIX_Ibarrier
| choke me
| #endif
| 
| int
| main ()
| {
| return MPIX_Ibarrier ();
|   ;
|   return 0;
| }
configure:11880: result: no
configure:11932: cc -o conftest -fPIC -DMPICH_NO_ATTR_TYPE_TAGS   conftest.c  >&5
configure:11932: $? = 0
configure:11932: ./conftest
configure:11932: $? = 0
configure:12066: Attempting to locate BLAS library
configure:17625: WARNING: BLAS library not found, using internal BLAS
configure:17696: 
configure:17698: Checks for additional programs
configure:17700: 
configure:17703: checking for grep that handles long lines and -e
configure:17761: result: /usr/bin/grep
configure:17766: checking for a sed that does not truncate output
configure:17830: result: /usr/bin/sed
configure:17839: 
configure:17841: Libtool setup
configure:17843: 
configure:17919: checking build system type
configure:17933: result: aarch64-apple-darwin21.6.0
configure:17953: checking host system type
configure:17966: result: aarch64-apple-darwin21.6.0
configure:18007: checking how to print strings
configure:18034: result: printf
configure:18055: checking for a sed that does not truncate output
configure:18119: result: /usr/bin/sed
configure:18137: checking for fgrep
configure:18199: result: /usr/bin/grep -F
configure:18234: checking for ld used by cc
configure:18301: result: /Library/Developer/CommandLineTools/usr/bin/ld
configure:18308: checking if the linker (/Library/Developer/CommandLineTools/usr/bin/ld) is GNU ld
configure:18323: result: no
configure:18335: checking for BSD- or MS-compatible name lister (nm)
configure:18389: result: /usr/bin/nm -B
configure:18519: checking the name lister (/usr/bin/nm -B) interface
configure:18526: cc -c -fPIC -DMPICH_NO_ATTR_TYPE_TAGS  conftest.c >&5
configure:18529: /usr/bin/nm -B "conftest.o"
configure:18532: output
0000000000000000 S _some_variable
0000000000000000 t ltmp0
0000000000000000 s ltmp1
configure:18539: result: BSD nm
configure:18542: checking whether ln -s works
configure:18546: result: yes
configure:18554: checking the maximum length of command line arguments
configure:18685: result: 786432
configure:18733: checking how to convert aarch64-apple-darwin21.6.0 file names to aarch64-apple-darwin21.6.0 format
configure:18773: result: func_convert_file_noop
configure:18780: checking how to convert aarch64-apple-darwin21.6.0 file names to toolchain format
configure:18800: result: func_convert_file_noop
configure:18807: checking for /Library/Developer/CommandLineTools/usr/bin/ld option to reload object files
configure:18814: result: -r
configure:18888: checking for objdump
configure:18904: found /usr/bin/objdump
configure:18915: result: objdump
configure:18947: checking how to recognize dependent libraries
configure:19147: result: pass_all
configure:19232: checking for dlltool
configure:19262: result: no
configure:19292: checking how to associate runtime and link libraries
configure:19319: result: printf %s\n
configure:19379: checking for ar
configure:19395: found /usr/bin/ar
configure:19406: result: ar
configure:19443: checking for archiver @FILE support
configure:19460: cc -c -fPIC -DMPICH_NO_ATTR_TYPE_TAGS  conftest.c >&5
configure:19460: $? = 0
configure:19463: ar cru libconftest.a @conftest.lst >&5
ar: @conftest.lst: No such file or directory
configure:19466: $? = 1
configure:19486: result: no
configure:19544: checking for strip
configure:19560: found /usr/bin/strip
configure:19571: result: strip
configure:19643: checking for ranlib
configure:19659: found /usr/bin/ranlib
configure:19670: result: ranlib
configure:19772: checking command to parse /usr/bin/nm -B output from cc object
configure:19925: cc -c -fPIC -DMPICH_NO_ATTR_TYPE_TAGS  conftest.c >&5
configure:19928: $? = 0
configure:19932: /usr/bin/nm -B conftest.o \| sed -n -e 's/^.*[ ]\([ABCDGIRSTW][ABCDGIRSTW]*\)[ ][ ]*\([_A-Za-z][_A-Za-z0-9]*\)$/\1 \2 \2/p' | sed '/ __gnu_lto/d' \> conftest.nm
configure:19935: $? = 0
cannot find nm_test_var in conftest.nm
configure:19925: cc -c -fPIC -DMPICH_NO_ATTR_TYPE_TAGS  conftest.c >&5
configure:19928: $? = 0
configure:19932: /usr/bin/nm -B conftest.o \| sed -n -e 's/^.*[ ]\([ABCDGIRSTW][ABCDGIRSTW]*\)[ ][ ]*_\([_A-Za-z][_A-Za-z0-9]*\)$/\1 _\2 \2/p' | sed '/ __gnu_lto/d' \> conftest.nm
configure:19935: $? = 0
configure:20001: cc -o conftest -fPIC -DMPICH_NO_ATTR_TYPE_TAGS   conftest.c conftstm.o >&5
configure:20004: $? = 0
configure:20042: result: ok
configure:20089: checking for sysroot
configure:20119: result: no
configure:20126: checking for a working dd
configure:20164: result: /bin/dd
configure:20168: checking how to truncate binary pipes
configure:20183: result: /bin/dd bs=4096 count=1
configure:20512: checking for mt
configure:20542: result: no
configure:20562: checking if : is a manifest tool
configure:20568: : '-?'
configure:20576: result: no
configure:20632: checking for dsymutil
configure:20648: found /usr/bin/dsymutil
configure:20659: result: dsymutil
configure:20724: checking for nmedit
configure:20740: found /usr/bin/nmedit
configure:20751: result: nmedit
configure:20816: checking for lipo
configure:20832: found /usr/bin/lipo
configure:20843: result: lipo
configure:20908: checking for otool
configure:20924: found /usr/bin/otool
configure:20935: result: otool
configure:21000: checking for otool64
configure:21030: result: no
configure:21075: checking for -single_module linker flag
cc -fPIC -DMPICH_NO_ATTR_TYPE_TAGS  -o libconftest.dylib -dynamiclib -Wl,-single_module conftest.c
configure:21108: result: yes
configure:21111: checking for -exported_symbols_list linker flag
configure:21131: cc -o conftest -fPIC -DMPICH_NO_ATTR_TYPE_TAGS   -Wl,-exported_symbols_list,conftest.sym conftest.c  >&5
configure:21131: $? = 0
configure:21141: result: yes
configure:21144: checking for -force_load linker flag
cc -fPIC -DMPICH_NO_ATTR_TYPE_TAGS -c -o conftest.o conftest.c
ar cru libconftest.a conftest.o
ranlib libconftest.a
cc -fPIC -DMPICH_NO_ATTR_TYPE_TAGS  -o conftest conftest.c -Wl,-force_load,./libconftest.a
configure:21176: result: yes
configure:21250: checking for dlfcn.h
configure:21250: cc -c -fPIC -DMPICH_NO_ATTR_TYPE_TAGS  conftest.c >&5
configure:21250: $? = 0
configure:21250: result: yes
configure:21505: checking for objdir
configure:21520: result: .libs
configure:21784: checking if cc supports -fno-rtti -fno-exceptions
configure:21802: cc -c -fPIC -DMPICH_NO_ATTR_TYPE_TAGS  -fno-rtti -fno-exceptions conftest.c >&5
configure:21806: $? = 0
configure:21819: result: yes
configure:22177: checking for cc option to produce PIC
configure:22184: result: -fno-common -DPIC
configure:22192: checking if cc PIC flag -fno-common -DPIC works
configure:22210: cc -c -fPIC -DMPICH_NO_ATTR_TYPE_TAGS  -fno-common -DPIC -DPIC conftest.c >&5
configure:22214: $? = 0
configure:22227: result: yes
configure:22256: checking if cc static flag -static works
configure:22284: result: no
configure:22299: checking if cc supports -c -o file.o
configure:22320: cc -c -fPIC -DMPICH_NO_ATTR_TYPE_TAGS  -o out/conftest2.o conftest.c >&5
configure:22324: $? = 0
configure:22346: result: yes
configure:22354: checking if cc supports -c -o file.o
configure:22401: result: yes
configure:22434: checking whether the cc linker (/Library/Developer/CommandLineTools/usr/bin/ld) supports shared libraries
configure:23693: result: yes
configure:23933: checking dynamic linker characteristics
configure:24751: result: darwin21.6.0 dyld
configure:24873: checking how to hardcode library paths into programs
configure:24898: result: immediate
configure:25446: checking whether stripping libraries is possible
configure:25460: result: yes
configure:25486: checking if libtool supports shared libraries
configure:25488: result: yes
configure:25491: checking whether to build shared libraries
configure:25516: result: no
configure:25519: checking whether to build static libraries
configure:25523: result: yes
configure:25589: checking for mpirun
configure:25607: found /opt/homebrew/bin/mpirun
configure:25619: result: /opt/homebrew/bin/mpirun
configure:25829: creating ./config.status

## ---------------------- ##
## Running config.status. ##
## ---------------------- ##

This file was extended by Communication Runtime for Extreme Scale (comex) config.status 1.1, which was
generated by GNU Autoconf 2.69.  Invocation command line was

  CONFIG_FILES    = 
  CONFIG_HEADERS  = 
  CONFIG_LINKS    = 
  CONFIG_COMMANDS = 
  $ ./config.status 

on WE46900

config.status:1211: creating Makefile
config.status:1211: creating tools/comex-config
config.status:1211: creating tools/armci-config
config.status:1211: creating config.h
config.status:1425: executing depfiles commands
config.status:1425: executing libtool commands
configure:27981: 
configure:27983: **************************************************************
configure:27985:  Communication Runtime for Extreme Scale (comex) configured as follows:
configure:27987: **************************************************************
configure:27989: 
configure:27991:               MPI_LIBS= -lmpi_usempif08 -lmpi_usempi_ignore_tkr -lmpi_mpifh -lmpi
configure:27993:            MPI_LDFLAGS= -L/opt/homebrew/Cellar/open-mpi/4.1.4_2/lib -L/opt/homebrew/opt/libevent/lib
configure:27995:           MPI_CPPFLAGS= -I/opt/homebrew/Cellar/open-mpi/4.1.4_2/include -I/opt/homebrew/Cellar/open-mpi/4.1.4_2/lib
configure:27997:          COMEX_NETWORK=MPI_TS
configure:27999:  COMEX_NETWORK_LDFLAGS=
configure:28001:     COMEX_NETWORK_LIBS=
configure:28003: COMEX_NETWORK_CPPFLAGS=
configure:28005:                     CC=cc
configure:28013:                 CFLAGS=-fPIC -DMPICH_NO_ATTR_TYPE_TAGS
configure:28015:                    CPP=cc -E
configure:28017:               CPPFLAGS=
configure:28019:                LDFLAGS=
configure:28021:                   LIBS=
configure:28023:                  FLIBS=
configure:28025:                     AR=ar
configure:28027:               AR_FLAGS=cru
configure:28029:                   DEFS=-DHAVE_CONFIG_H
configure:28031:                  SHELL=/bin/sh
configure:28033:                MPIEXEC=/opt/homebrew/bin/mpirun -n %NP%
configure:28035:                 NPROCS=4
configure:28037: 

## ---------------- ##
## Cache variables. ##
## ---------------- ##

ac_cv_build=aarch64-apple-darwin21.6.0
ac_cv_c_compiler_gnu=yes
ac_cv_c_const=yes
ac_cv_c_inline=inline
ac_cv_c_int16_t=yes
ac_cv_c_int32_t=yes
ac_cv_c_int64_t=yes
ac_cv_c_int8_t=yes
ac_cv_c_restrict=__restrict
ac_cv_c_uint16_t=yes
ac_cv_c_uint32_t=yes
ac_cv_c_uint64_t=yes
ac_cv_c_uint8_t=yes
ac_cv_c_volatile=yes
ac_cv_env_AR_FLAGS_set=
ac_cv_env_AR_FLAGS_value=
ac_cv_env_AR_set=
ac_cv_env_AR_value=
ac_cv_env_CC_set=set
ac_cv_env_CC_value=cc
ac_cv_env_CFLAGS_set=set
ac_cv_env_CFLAGS_value='-fPIC -DMPICH_NO_ATTR_TYPE_TAGS'
ac_cv_env_CPPFLAGS_set=
ac_cv_env_CPPFLAGS_value=
ac_cv_env_CPP_set=
ac_cv_env_CPP_value=
ac_cv_env_LDFLAGS_set=
ac_cv_env_LDFLAGS_value=
ac_cv_env_LIBS_set=
ac_cv_env_LIBS_value=
ac_cv_env_LT_SYS_LIBRARY_PATH_set=
ac_cv_env_LT_SYS_LIBRARY_PATH_value=
ac_cv_env_MPICC_set=
ac_cv_env_MPICC_value=
ac_cv_env_MPIEXEC_set=
ac_cv_env_MPIEXEC_value=
ac_cv_env_NPROCS_set=
ac_cv_env_NPROCS_value=
ac_cv_env_RANLIB_set=
ac_cv_env_RANLIB_value=
ac_cv_env_build_alias_set=
ac_cv_env_build_alias_value=
ac_cv_env_host_alias_set=
ac_cv_env_host_alias_value=
ac_cv_env_target_alias_set=
ac_cv_env_target_alias_value=
ac_cv_func_MPIX_Ibarrier=no
ac_cv_func_MPI_Ibarrier=yes
ac_cv_func_bzero=yes
ac_cv_func_getpagesize=yes
ac_cv_func_gettimeofday=yes
ac_cv_func_memset=yes
ac_cv_func_mmap_fixed_mapped=yes
ac_cv_func_munmap=yes
ac_cv_func_pthread_setaffinity_np=no
ac_cv_func_sched_setaffinity=no
ac_cv_func_strchr=yes
ac_cv_func_strdup=yes
ac_cv_func_strncasecmp=yes
ac_cv_func_strstr=yes
ac_cv_header_assert_h=yes
ac_cv_header_dirent_dirent_h=yes
ac_cv_header_dlfcn_h=yes
ac_cv_header_errno_h=yes
ac_cv_header_getopt_h=yes
ac_cv_header_inttypes_h=yes
ac_cv_header_math_h=yes
ac_cv_header_memory_h=yes
ac_cv_header_minix_config_h=no
ac_cv_header_mpi_h=yes
ac_cv_header_pthread_h=yes
ac_cv_header_sched_h=yes
ac_cv_header_semaphore_h=yes
ac_cv_header_stdbool_h=yes
ac_cv_header_stdc=yes
ac_cv_header_stdint_h=yes
ac_cv_header_stdio_h=yes
ac_cv_header_stdlib_h=yes
ac_cv_header_string_h=yes
ac_cv_header_strings_h=yes
ac_cv_header_sys_param_h=yes
ac_cv_header_sys_stat_h=yes
ac_cv_header_sys_time_h=yes
ac_cv_header_sys_types_h=yes
ac_cv_header_sys_wait_h=yes
ac_cv_header_unistd_h=yes
ac_cv_host=aarch64-apple-darwin21.6.0
ac_cv_objext=o
ac_cv_path_EGREP='/usr/bin/grep -E'
ac_cv_path_FGREP='/usr/bin/grep -F'
ac_cv_path_GREP=/usr/bin/grep
ac_cv_path_MPIEXEC=/opt/homebrew/bin/mpirun
ac_cv_path_SED=/usr/bin/sed
ac_cv_path_install='/usr/bin/install -c'
ac_cv_path_lt_DD=/bin/dd
ac_cv_prog_AWK=awk
ac_cv_prog_CPP='cc -E'
ac_cv_prog_ac_ct_AR=ar
ac_cv_prog_ac_ct_DSYMUTIL=dsymutil
ac_cv_prog_ac_ct_LIPO=lipo
ac_cv_prog_ac_ct_NMEDIT=nmedit
ac_cv_prog_ac_ct_OBJDUMP=objdump
ac_cv_prog_ac_ct_OTOOL=otool
ac_cv_prog_ac_ct_RANLIB=ranlib
ac_cv_prog_ac_ct_STRIP=strip
ac_cv_prog_cc_c89=
ac_cv_prog_cc_g=yes
ac_cv_prog_make_make_set=yes
ac_cv_safe_to_define___extensions__=yes
ac_cv_search_MPI_Init='none required'
ac_cv_search_opendir='none required'
ac_cv_search_sem_open='none required'
ac_cv_search_shm_open='none required'
ac_cv_search_shm_unlink='none required'
ac_cv_search_sqrt='none required'
ac_cv_sizeof_MPI_Aint=8
ac_cv_sizeof_char=1
ac_cv_sizeof_double=8
ac_cv_sizeof_float=4
ac_cv_sizeof_int=4
ac_cv_sizeof_long=8
ac_cv_sizeof_long_long=8
ac_cv_sizeof_short=2
ac_cv_sizeof_voidp=8
ac_cv_type__Bool=yes
ac_cv_type_off_t=yes
ac_cv_type_pid_t=yes
ac_cv_type_ptrdiff_t=yes
ac_cv_type_size_t=yes
am_cv_CC_dependencies_compiler_type=gcc3
am_cv_make_support_nested_variables=yes
ax_cv_sys_weak_alias_pragma=no
comex_cv_c_mpi_test_compile=yes
comex_cv_cpp_function=__func__
lt_cv_apple_cc_single_mod=yes
lt_cv_ar_at_file=no
lt_cv_deplibs_check_method=pass_all
lt_cv_file_magic_cmd='$MAGIC_CMD'
lt_cv_file_magic_test_file=
lt_cv_ld_exported_symbols_list=yes
lt_cv_ld_force_load=yes
lt_cv_ld_reload_flag=-r
lt_cv_nm_interface='BSD nm'
lt_cv_objdir=.libs
lt_cv_path_LD=/Library/Developer/CommandLineTools/usr/bin/ld
lt_cv_path_NM='/usr/bin/nm -B'
lt_cv_path_mainfest_tool=no
lt_cv_prog_compiler_c_o=yes
lt_cv_prog_compiler_pic='-fno-common -DPIC'
lt_cv_prog_compiler_pic_works=yes
lt_cv_prog_compiler_rtti_exceptions=yes
lt_cv_prog_compiler_static_works=no
lt_cv_prog_gnu_ld=no
lt_cv_sharedlib_from_linklib_cmd='printf %s\n'
lt_cv_sys_global_symbol_pipe='sed -n -e '\''s/^.*[	 ]\([ABCDGIRSTW][ABCDGIRSTW]*\)[	 ][	 ]*_\([_A-Za-z][_A-Za-z0-9]*\)$/\1 _\2 \2/p'\'' | sed '\''/ __gnu_lto/d'\'''
lt_cv_sys_global_symbol_to_c_name_address='sed -n -e '\''s/^: \(.*\) .*$/  {"\1", (void *) 0},/p'\'' -e '\''s/^[ABCDGIRSTW][ABCDGIRSTW]* .* \(.*\)$/  {"\1", (void *) \&\1},/p'\'''
lt_cv_sys_global_symbol_to_c_name_address_lib_prefix='sed -n -e '\''s/^: \(.*\) .*$/  {"\1", (void *) 0},/p'\'' -e '\''s/^[ABCDGIRSTW][ABCDGIRSTW]* .* \(lib.*\)$/  {"\1", (void *) \&\1},/p'\'' -e '\''s/^[ABCDGIRSTW][ABCDGIRSTW]* .* \(.*\)$/  {"lib\1", (void *) \&\1},/p'\'''
lt_cv_sys_global_symbol_to_cdecl='sed -n -e '\''s/^T .* \(.*\)$/extern int \1();/p'\'' -e '\''s/^[ABCDGIRSTW][ABCDGIRSTW]* .* \(.*\)$/extern char \1;/p'\'''
lt_cv_sys_global_symbol_to_import=
lt_cv_sys_max_cmd_len=786432
lt_cv_to_host_file_cmd=func_convert_file_noop
lt_cv_to_tool_file_cmd=func_convert_file_noop
lt_cv_truncate_bin='/bin/dd bs=4096 count=1'

## ----------------- ##
## Output variables. ##
## ----------------- ##

ACLOCAL='${SHELL} /Users/song670/Codes/nwchem-FCI/src/tools/ga-5.8/comex/build-aux/missing --run aclocal-1.11'
AMDEPBACKSLASH='\'
AMDEP_FALSE='#'
AMDEP_TRUE=''
AMTAR='$${TAR-tar}'
AM_BACKSLASH='\'
AM_DEFAULT_V='$(AM_DEFAULT_VERBOSITY)'
AM_DEFAULT_VERBOSITY='1'
AM_V='$(V)'
AR='ar'
AR_FLAGS='cru'
AUTOCONF='${SHELL} /Users/song670/Codes/nwchem-FCI/src/tools/ga-5.8/comex/build-aux/missing --run autoconf'
AUTOHEADER='${SHELL} /Users/song670/Codes/nwchem-FCI/src/tools/ga-5.8/comex/build-aux/missing --run autoheader'
AUTOMAKE='${SHELL} /Users/song670/Codes/nwchem-FCI/src/tools/ga-5.8/comex/build-aux/missing --run automake-1.11'
AWK='awk'
BLAS_CPPFLAGS=''
BLAS_LDFLAGS=''
BLAS_LIBS=''
CC='cc'
CCDEPMODE='depmode=gcc3'
CFLAGS='-fPIC -DMPICH_NO_ATTR_TYPE_TAGS'
COMEX_NETWORK_CPPFLAGS=''
COMEX_NETWORK_DMAPP_FALSE=''
COMEX_NETWORK_DMAPP_TRUE='#'
COMEX_NETWORK_LDFLAGS=''
COMEX_NETWORK_LIBS=''
COMEX_NETWORK_MPI3_FALSE=''
COMEX_NETWORK_MPI3_TRUE='#'
COMEX_NETWORK_MPI_MT_FALSE=''
COMEX_NETWORK_MPI_MT_TRUE='#'
COMEX_NETWORK_MPI_PR_FALSE=''
COMEX_NETWORK_MPI_PR_TRUE='#'
COMEX_NETWORK_MPI_PT_FALSE=''
COMEX_NETWORK_MPI_PT_TRUE='#'
COMEX_NETWORK_MPI_TS_FALSE='#'
COMEX_NETWORK_MPI_TS_TRUE=''
COMEX_NETWORK_OFA_FALSE=''
COMEX_NETWORK_OFA_TRUE='#'
COMEX_NETWORK_OFI_FALSE=''
COMEX_NETWORK_OFI_TRUE='#'
COMEX_NETWORK_PORTALS4_FALSE=''
COMEX_NETWORK_PORTALS4_TRUE='#'
CPP='cc -E'
CPPFLAGS=''
CROSS_COMPILING_FALSE=''
CROSS_COMPILING_TRUE='#'
CYGPATH_W='echo'
DEFS='-DHAVE_CONFIG_H'
DEPDIR='.deps'
DLLTOOL='false'
DSYMUTIL='dsymutil'
DUMPBIN=''
ECHO_C='\c'
ECHO_N=''
ECHO_T=''
EGREP='/usr/bin/grep -E'
ENABLE_PROFILING_ARMCI_FALSE=''
ENABLE_PROFILING_ARMCI_TRUE='#'
EXEEXT=''
FGREP='/usr/bin/grep -F'
GREP='/usr/bin/grep'
HAVE_BLAS_FALSE=''
HAVE_BLAS_TRUE='#'
HAVE_SYS_WEAK_ALIAS_PRAGMA_FALSE=''
HAVE_SYS_WEAK_ALIAS_PRAGMA_TRUE='#'
INSTALL_DATA='${INSTALL} -m 644'
INSTALL_PROGRAM='${INSTALL}'
INSTALL_SCRIPT='${INSTALL}'
INSTALL_STRIP_PROGRAM='$(install_sh) -c -s'
LD='/Library/Developer/CommandLineTools/usr/bin/ld'
LDFLAGS=''
LIBADD_DL=''
LIBADD_DLD_LINK=''
LIBADD_DLOPEN=''
LIBADD_SHL_LOAD=''
LIBOBJS=''
LIBS=''
LIBTOOL='$(SHELL) $(top_builddir)/libtool'
LIPO='lipo'
LN_S='ln -s'
LTLIBOBJS=''
LT_DLLOADERS=''
LT_DLPREOPEN=''
LT_SYS_LIBRARY_PATH=''
MAINT='#'
MAINTAINER_MODE_FALSE=''
MAINTAINER_MODE_TRUE='#'
MAKEINFO='${SHELL} /Users/song670/Codes/nwchem-FCI/src/tools/ga-5.8/comex/build-aux/missing --run makeinfo'
MANIFEST_TOOL=':'
MKDIR_P='../../ga-5.8/comex/build-aux/install-sh -c -d'
MPICC=''
MPIEXEC='/opt/homebrew/bin/mpirun -n %NP%'
MPI_CPPFLAGS=' -I/opt/homebrew/Cellar/open-mpi/4.1.4_2/include -I/opt/homebrew/Cellar/open-mpi/4.1.4_2/lib'
MPI_LDFLAGS=' -L/opt/homebrew/Cellar/open-mpi/4.1.4_2/lib -L/opt/homebrew/opt/libevent/lib'
MPI_LIBS=' -lmpi_usempif08 -lmpi_usempi_ignore_tkr -lmpi_mpifh -lmpi'
NM='/usr/bin/nm -B'
NMEDIT='nmedit'
NPROCS='4'
OBJDUMP='objdump'
OBJEXT='o'
OTOOL64=':'
OTOOL='otool'
PACKAGE='comex'
PACKAGE_BUGREPORT='hpctools@pnl.gov'
PACKAGE_NAME='Communication Runtime for Extreme Scale (comex)'
PACKAGE_STRING='Communication Runtime for Extreme Scale (comex) 1.1'
PACKAGE_TARNAME='comex'
PACKAGE_URL='http://www.emsl.pnl.gov/docs/global/'
PACKAGE_VERSION='1.1'
PATH_SEPARATOR=':'
PERL=''
RANLIB='ranlib'
SED='/usr/bin/sed'
SET_MAKE=''
SHELL='/bin/sh'
STRIP='strip'
VERSION='1.1'
ac_ct_AR='ar'
ac_ct_CC=''
ac_ct_DUMPBIN=''
am__EXEEXT_FALSE=''
am__EXEEXT_TRUE='#'
am__fastdepCC_FALSE='#'
am__fastdepCC_TRUE=''
am__include='include'
am__isrc=' -I$(srcdir)'
am__leading_dot='.'
am__nodep='_no'
am__quote=''
am__tar='$${TAR-tar} chof - "$$tardir"'
am__untar='$${TAR-tar} xf -'
bindir='${exec_prefix}/bin'
blas_size='4'
build='aarch64-apple-darwin21.6.0'
build_alias=''
build_cpu='aarch64'
build_os='darwin21.6.0'
build_vendor='apple'
datadir='${datarootdir}'
datarootdir='${prefix}/share'
docdir='${datarootdir}/doc/${PACKAGE_TARNAME}'
dvidir='${docdir}'
exec_prefix='${prefix}'
have_blas='0'
host='aarch64-apple-darwin21.6.0'
host_alias=''
host_cpu='aarch64'
host_os='darwin21.6.0'
host_vendor='apple'
htmldir='${docdir}'
includedir='${prefix}/include'
infodir='${datarootdir}/info'
install_sh='${SHELL} /Users/song670/Codes/nwchem-FCI/src/tools/ga-5.8/comex/build-aux/install-sh'
libdir='${exec_prefix}/lib'
libexecdir='${exec_prefix}/libexec'
localedir='${datarootdir}/locale'
localstatedir='${prefix}/var'
mandir='${datarootdir}/man'
mkdir_p='$(top_builddir)/../../ga-5.8/comex/build-aux/install-sh -c -d'
oldincludedir='/usr/include'
pdfdir='${docdir}'
prefix='/Users/song670/Codes/nwchem-FCI/src/tools/install'
program_transform_name='s,x,x,'
psdir='${docdir}'
sbindir='${exec_prefix}/sbin'
sharedstatedir='${prefix}/com'
sysconfdir='${prefix}/etc'
target_alias=''

## ----------- ##
## confdefs.h. ##
## ----------- ##

/* confdefs.h */
#define PACKAGE_NAME "Communication Runtime for Extreme Scale (comex)"
#define PACKAGE_TARNAME "comex"
#define PACKAGE_VERSION "1.1"
#define PACKAGE_STRING "Communication Runtime for Extreme Scale (comex) 1.1"
#define PACKAGE_BUGREPORT "hpctools@pnl.gov"
#define PACKAGE_URL "http://www.emsl.pnl.gov/docs/global/"
#define PACKAGE "comex"
#define VERSION "1.1"
#define STDC_HEADERS 1
#define HAVE_SYS_TYPES_H 1
#define HAVE_SYS_STAT_H 1
#define HAVE_STDLIB_H 1
#define HAVE_STRING_H 1
#define HAVE_MEMORY_H 1
#define HAVE_STRINGS_H 1
#define HAVE_INTTYPES_H 1
#define HAVE_STDINT_H 1
#define HAVE_UNISTD_H 1
#define __EXTENSIONS__ 1
#define _ALL_SOURCE 1
#define _GNU_SOURCE 1
#define _POSIX_PTHREAD_SEMANTICS 1
#define _TANDEM_SOURCE 1
#define COMEX_NETWORK_MPI_TS 1
#define COMEX_NETWORK_MPI_MT 0
#define COMEX_NETWORK_MPI_PT 0
#define COMEX_NETWORK_MPI_PR 0
#define COMEX_NETWORK_MPI3 0
#define COMEX_NETWORK_OFA 0
#define COMEX_NETWORK_PORTALS4 0
#define COMEX_NETWORK_DMAPP 0
#define COMEX_NETWORK_OFI 0
#define HAVE_DIRENT_H 1
#define HAVE__BOOL 1
#define HAVE_STDBOOL_H 1
#define STDC_HEADERS 1
#define HAVE_SYS_WAIT_H 1
#define HAVE_ASSERT_H 1
#define HAVE_ERRNO_H 1
#define HAVE_GETOPT_H 1
#define HAVE_MATH_H 1
#define HAVE_PTHREAD_H 1
#define HAVE_SCHED_H 1
#define HAVE_SEMAPHORE_H 1
#define HAVE_STDINT_H 1
#define HAVE_STDIO_H 1
#define HAVE_STDLIB_H 1
#define HAVE_STRING_H 1
#define HAVE_STRINGS_H 1
#define HAVE_SYS_TIME_H 1
#define HAVE_SYS_TYPES_H 1
#define HAVE_UNISTD_H 1
#define restrict __restrict
#define HAVE_PTRDIFF_T 1
#define FUNCTION_NAME __func__
#define SIZEOF_MPI_AINT 8
#define SIZEOF_VOIDP 8
#define SIZEOF_CHAR 1
#define SIZEOF_SHORT 2
#define SIZEOF_INT 4
#define SIZEOF_LONG 8
#define SIZEOF_LONG_LONG 8
#define SIZEOF_FLOAT 4
#define SIZEOF_DOUBLE 8
#define HAVE_STDLIB_H 1
#define HAVE_UNISTD_H 1
#define HAVE_SYS_PARAM_H 1
#define HAVE_GETPAGESIZE 1
#define HAVE_MMAP 1
#define SQRT 1
#define SEM_OPEN 1
#define SHM_OPEN 1
#define SHM_UNLINK 1
#define HAVE_BZERO 1
#define HAVE_GETTIMEOFDAY 1
#define HAVE_MEMSET 1
#define HAVE_MUNMAP 1
#define HAVE_PTHREAD_SETAFFINITY_NP 0
#define HAVE_SCHED_SETAFFINITY 0
#define HAVE_STRCHR 1
#define HAVE_STRDUP 1
#define HAVE_STRNCASECMP 1
#define HAVE_STRSTR 1
#define HAVE_MPI_IBARRIER 1
#define HAVE_MPIX_IBARRIER 0
#define HAVE_BLAS 0
#define BLAS_SIZE 4
#define BLAS_CAXPY 
#define BLAS_DAXPY 
#define BLAS_SAXPY 
#define BLAS_ZAXPY 
#define BLAS_CCOPY 
#define BLAS_DCOPY 
#define BLAS_SCOPY 
#define BLAS_ZCOPY 
#define HAVE_DLFCN_H 1
#define LT_OBJDIR ".libs/"

configure: exit 0
